<?xml version="1.0" encoding="utf-8"?>
<!DOCTYPE coverage SYSTEM "http://cobertura.sourceforge.net/xml/coverage-04.dtd">
<coverage line-rate="0.7650862068965517" branch-rate="0.5872093023255814" lines-covered="355" lines-valid="464" branches-covered="101" branches-valid="172" complexity="222" version="0" timestamp="1603992876">
  <sources>
    <source>/app/src/</source>
    <source>/</source>
  </sources>
  <packages>
    <package name="FriendsApi" line-rate="0.8918918918918919" branch-rate="0.5" complexity="11">
      <classes>
        <class name="FootballContacts.Contexts.FriendContext" filename="/app/src/FriendsApi/Context/FriendsContext.cs" line-rate="1" branch-rate="1" complexity="3">
          <methods>
            <method name="get_Friends" signature="()" line-rate="1" branch-rate="1" complexity="1">
              <lines>
                <line number="12" hits="12" branch="false" />
              </lines>
            </method>
            <method name="OnModelCreating" signature="(...)" line-rate="1" branch-rate="1" complexity="1">
              <lines>
                <line number="17" hits="1" branch="false" />
                <line number="18" hits="1" branch="false" />
                <line number="19" hits="1" branch="false" />
                <line number="20" hits="1" branch="false" />
                <line number="21" hits="2" branch="false" />
                <line number="22" hits="1" branch="false" />
              </lines>
            </method>
            <method name=".ctor" signature="(...)" line-rate="1" branch-rate="1" complexity="1">
              <lines>
                <line number="8" hits="5" branch="false" />
                <line number="10" hits="5" branch="false" />
              </lines>
            </method>
          </methods>
          <lines>
            <line number="8" hits="5" branch="false" />
            <line number="10" hits="5" branch="false" />
            <line number="12" hits="12" branch="false" />
            <line number="17" hits="1" branch="false" />
            <line number="18" hits="1" branch="false" />
            <line number="19" hits="1" branch="false" />
            <line number="20" hits="1" branch="false" />
            <line number="21" hits="2" branch="false" />
            <line number="22" hits="1" branch="false" />
          </lines>
        </class>
        <class name="FootballContacts.Repositories.FriendsRepository" filename="/app/src/FriendsApi/Repositories/FriendsRepository.cs" line-rate="0.8571428571428571" branch-rate="0.5" complexity="8">
          <methods>
            <method name="Get" signature="(...)" line-rate="1" branch-rate="1" complexity="1">
              <lines>
                <line number="34" hits="1" branch="false" />
              </lines>
            </method>
            <method name="List" signature="()" line-rate="1" branch-rate="1" complexity="1">
              <lines>
                <line number="38" hits="1" branch="false" />
              </lines>
            </method>
            <method name="Create" signature="(...)" line-rate="1" branch-rate="1" complexity="1">
              <lines>
                <line number="43" hits="1" branch="false" />
                <line number="45" hits="1" branch="false" />
                <line number="47" hits="1" branch="false" />
                <line number="48" hits="1" branch="false" />
              </lines>
            </method>
            <method name="Update" signature="(...)" line-rate="0.7777777777777778" branch-rate="0.5" complexity="2">
              <lines>
                <line number="53" hits="1" branch="false" />
                <line number="54" hits="1" branch="false" />
                <line number="56" hits="1" branch="true" condition-coverage="50% (1/2)" />
                <line number="58" hits="1" branch="false" />
                <line number="60" hits="1" branch="false" />
                <line number="62" hits="1" branch="false" />
                <line number="65" hits="1" branch="false" />
                <line number="68" hits="0" branch="false" />
                <line number="71" hits="0" branch="false" />
              </lines>
            </method>
            <method name="Delete" signature="(...)" line-rate="0.7777777777777778" branch-rate="0.5" complexity="2">
              <lines>
                <line number="76" hits="1" branch="false" />
                <line number="77" hits="1" branch="false" />
                <line number="79" hits="1" branch="true" condition-coverage="50% (1/2)" />
                <line number="81" hits="1" branch="false" />
                <line number="83" hits="1" branch="false" />
                <line number="85" hits="1" branch="false" />
                <line number="88" hits="1" branch="false" />
                <line number="91" hits="0" branch="false" />
                <line number="93" hits="0" branch="false" />
              </lines>
            </method>
            <method name=".ctor" signature="(...)" line-rate="1" branch-rate="1" complexity="1">
              <lines>
                <line number="26" hits="5" branch="false" />
                <line number="28" hits="5" branch="false" />
                <line number="29" hits="5" branch="false" />
                <line number="30" hits="5" branch="false" />
              </lines>
            </method>
          </methods>
          <lines>
            <line number="26" hits="5" branch="false" />
            <line number="28" hits="5" branch="false" />
            <line number="29" hits="5" branch="false" />
            <line number="30" hits="5" branch="false" />
            <line number="34" hits="1" branch="false" />
            <line number="38" hits="1" branch="false" />
            <line number="43" hits="1" branch="false" />
            <line number="45" hits="1" branch="false" />
            <line number="47" hits="1" branch="false" />
            <line number="48" hits="1" branch="false" />
            <line number="53" hits="1" branch="false" />
            <line number="54" hits="1" branch="false" />
            <line number="56" hits="1" branch="true" condition-coverage="50% (1/2)" />
            <line number="58" hits="1" branch="false" />
            <line number="60" hits="1" branch="false" />
            <line number="62" hits="1" branch="false" />
            <line number="65" hits="1" branch="false" />
            <line number="68" hits="0" branch="false" />
            <line number="71" hits="0" branch="false" />
            <line number="76" hits="1" branch="false" />
            <line number="77" hits="1" branch="false" />
            <line number="79" hits="1" branch="true" condition-coverage="50% (1/2)" />
            <line number="81" hits="1" branch="false" />
            <line number="83" hits="1" branch="false" />
            <line number="85" hits="1" branch="false" />
            <line number="88" hits="1" branch="false" />
            <line number="91" hits="0" branch="false" />
            <line number="93" hits="0" branch="false" />
          </lines>
        </class>
      </classes>
    </package>
    <package name="FriendsApi.Host" line-rate="0.7924528301886793" branch-rate="0.5454545454545454" complexity="35">
      <classes>
        <class name="FriendsApi.Host.Controllers.FriendsController" filename="/app/src/FriendsApi.Host/Controllers/FriendsController.cs" line-rate="0.88" branch-rate="0.5" complexity="10">
          <methods>
            <method name="Get" signature="()" line-rate="1" branch-rate="1" complexity="1">
              <lines>
                <line number="36" hits="1" branch="false" />
              </lines>
            </method>
            <method name="Get" signature="(...)" line-rate="0.75" branch-rate="0.5" complexity="2">
              <lines>
                <line number="51" hits="1" branch="false" />
                <line number="52" hits="1" branch="true" condition-coverage="50% (1/2)" />
                <line number="53" hits="0" branch="false" />
                <line number="55" hits="1" branch="false" />
              </lines>
            </method>
            <method name="Post" signature="(...)" line-rate="1" branch-rate="0.5" complexity="2">
              <lines>
                <line number="67" hits="1" branch="false" />
                <line number="69" hits="1" branch="false" />
                <line number="70" hits="1" branch="false" />
                <line number="72" hits="1" branch="false" />
                <line number="74" hits="1" branch="true" condition-coverage="50% (1/2)" />
              </lines>
            </method>
            <method name="Put" signature="(...)" line-rate="0.8" branch-rate="0.5" complexity="2">
              <lines>
                <line number="88" hits="1" branch="false" />
                <line number="89" hits="1" branch="false" />
                <line number="91" hits="1" branch="true" condition-coverage="50% (1/2)" />
                <line number="92" hits="1" branch="false" />
                <line number="94" hits="0" branch="false" />
              </lines>
            </method>
            <method name="Delete" signature="(...)" line-rate="0.75" branch-rate="0.5" complexity="2">
              <lines>
                <line number="108" hits="1" branch="false" />
                <line number="110" hits="1" branch="true" condition-coverage="50% (1/2)" />
                <line number="112" hits="1" branch="false" />
                <line number="115" hits="0" branch="false" />
              </lines>
            </method>
            <method name=".ctor" signature="(...)" line-rate="1" branch-rate="1" complexity="1">
              <lines>
                <line number="19" hits="5" branch="false" />
                <line number="20" hits="5" branch="false" />
                <line number="21" hits="5" branch="false" />
                <line number="23" hits="5" branch="false" />
                <line number="24" hits="5" branch="false" />
                <line number="25" hits="5" branch="false" />
              </lines>
            </method>
          </methods>
          <lines>
            <line number="19" hits="5" branch="false" />
            <line number="20" hits="5" branch="false" />
            <line number="21" hits="5" branch="false" />
            <line number="23" hits="5" branch="false" />
            <line number="24" hits="5" branch="false" />
            <line number="25" hits="5" branch="false" />
            <line number="36" hits="1" branch="false" />
            <line number="51" hits="1" branch="false" />
            <line number="52" hits="1" branch="true" condition-coverage="50% (1/2)" />
            <line number="53" hits="0" branch="false" />
            <line number="55" hits="1" branch="false" />
            <line number="67" hits="1" branch="false" />
            <line number="69" hits="1" branch="false" />
            <line number="70" hits="1" branch="false" />
            <line number="72" hits="1" branch="false" />
            <line number="74" hits="1" branch="true" condition-coverage="50% (1/2)" />
            <line number="88" hits="1" branch="false" />
            <line number="89" hits="1" branch="false" />
            <line number="91" hits="1" branch="true" condition-coverage="50% (1/2)" />
            <line number="92" hits="1" branch="false" />
            <line number="94" hits="0" branch="false" />
            <line number="108" hits="1" branch="false" />
            <line number="110" hits="1" branch="true" condition-coverage="50% (1/2)" />
            <line number="112" hits="1" branch="false" />
            <line number="115" hits="0" branch="false" />
          </lines>
        </class>
        <class name="FriendsApi.Host.Controllers.HealthCheckController" filename="/app/src/FriendsApi.Host/Controllers/HealthCheckController.cs" line-rate="1" branch-rate="1" complexity="1">
          <methods>
            <method name="Get" signature="()" line-rate="1" branch-rate="1" complexity="1">
              <lines>
                <line number="18" hits="2" branch="false" />
              </lines>
            </method>
          </methods>
          <lines>
            <line number="18" hits="2" branch="false" />
          </lines>
        </class>
        <class name="FriendsApi.Host.Infra.Logging.CallContextEnricher" filename="/app/src/FriendsApi.Host/Infra/Logging/CallContextEnricher.cs" line-rate="1" branch-rate="1" complexity="5">
          <methods>
            <method name="Enrich" signature="(...)" line-rate="1" branch-rate="1" complexity="4">
              <lines>
                <line number="18" hits="53" branch="true" condition-coverage="100% (2/2)" />
                <line number="21" hits="48" branch="false" />
                <line number="22" hits="48" branch="false" />
                <line number="23" hits="48" branch="false" />
                <line number="25" hits="7" branch="false" />
                <line number="26" hits="7" branch="true" condition-coverage="100% (2/2)" />
                <line number="27" hits="7" branch="false" />
                <line number="29" hits="12" branch="false" />
              </lines>
            </method>
            <method name=".ctor" signature="(...)" line-rate="1" branch-rate="1" complexity="1">
              <lines>
                <line number="11" hits="2" branch="false" />
                <line number="13" hits="2" branch="false" />
                <line number="14" hits="2" branch="false" />
              </lines>
            </method>
          </methods>
          <lines>
            <line number="11" hits="2" branch="false" />
            <line number="13" hits="2" branch="false" />
            <line number="14" hits="2" branch="false" />
            <line number="18" hits="53" branch="true" condition-coverage="100% (2/2)" />
            <line number="21" hits="48" branch="false" />
            <line number="22" hits="48" branch="false" />
            <line number="23" hits="48" branch="false" />
            <line number="25" hits="7" branch="false" />
            <line number="26" hits="7" branch="true" condition-coverage="100% (2/2)" />
            <line number="27" hits="7" branch="false" />
            <line number="29" hits="12" branch="false" />
          </lines>
        </class>
        <class name="FriendsApi.Host.Infra.Logging.ExceptionMiddleware" filename="/app/src/FriendsApi.Host/Infra/Logging/ExceptionMiddleware.cs" line-rate="0.25806451612903225" branch-rate="0.16666666666666666" complexity="7">
          <methods>
            <method name="HandleExceptionAsync" signature="(...)" line-rate="0" branch-rate="0" complexity="2">
              <lines>
                <line number="47" hits="0" branch="false" />
                <line number="48" hits="0" branch="false" />
                <line number="50" hits="0" branch="false" />
                <line number="52" hits="0" branch="true" condition-coverage="0% (0/2)" />
                <line number="53" hits="0" branch="false" />
                <line number="54" hits="0" branch="false" />
                <line number="55" hits="0" branch="false" />
                <line number="56" hits="0" branch="false" />
                <line number="57" hits="0" branch="false" />
                <line number="58" hits="0" branch="false" />
                <line number="60" hits="0" branch="false" />
                <line number="61" hits="0" branch="false" />
                <line number="62" hits="0" branch="false" />
                <line number="63" hits="0" branch="false" />
              </lines>
            </method>
            <method name="AllMessages" signature="(...)" line-rate="0" branch-rate="0" complexity="2">
              <lines>
                <line number="68" hits="0" branch="false" />
                <line number="69" hits="0" branch="false" />
                <line number="70" hits="0" branch="true" condition-coverage="0% (0/2)" />
                <line number="72" hits="0" branch="false" />
                <line number="73" hits="0" branch="false" />
                <line number="74" hits="0" branch="false" />
                <line number="76" hits="0" branch="false" />
              </lines>
            </method>
            <method name=".ctor" signature="(...)" line-rate="1" branch-rate="1" complexity="1">
              <lines>
                <line number="26" hits="2" branch="false" />
                <line number="28" hits="2" branch="false" />
                <line number="29" hits="2" branch="false" />
                <line number="30" hits="2" branch="false" />
                <line number="31" hits="2" branch="false" />
              </lines>
            </method>
            <method name="Invoke" signature="()" line-rate="0.6" branch-rate="0.5" complexity="2">
              <lines>
                <line number="37" hits="6" branch="false" />
                <line number="38" hits="6" branch="false" />
                <line number="39" hits="0" branch="true" condition-coverage="50% (1/2)" />
                <line number="41" hits="0" branch="false" />
                <line number="43" hits="6" branch="false" />
              </lines>
            </method>
          </methods>
          <lines>
            <line number="26" hits="2" branch="false" />
            <line number="28" hits="2" branch="false" />
            <line number="29" hits="2" branch="false" />
            <line number="30" hits="2" branch="false" />
            <line number="31" hits="2" branch="false" />
            <line number="37" hits="6" branch="false" />
            <line number="38" hits="6" branch="false" />
            <line number="39" hits="0" branch="true" condition-coverage="50% (1/2)" />
            <line number="41" hits="0" branch="false" />
            <line number="43" hits="6" branch="false" />
            <line number="47" hits="0" branch="false" />
            <line number="48" hits="0" branch="false" />
            <line number="50" hits="0" branch="false" />
            <line number="52" hits="0" branch="true" condition-coverage="0% (0/2)" />
            <line number="53" hits="0" branch="false" />
            <line number="54" hits="0" branch="false" />
            <line number="55" hits="0" branch="false" />
            <line number="56" hits="0" branch="false" />
            <line number="57" hits="0" branch="false" />
            <line number="58" hits="0" branch="false" />
            <line number="60" hits="0" branch="false" />
            <line number="61" hits="0" branch="false" />
            <line number="62" hits="0" branch="false" />
            <line number="63" hits="0" branch="false" />
            <line number="68" hits="0" branch="false" />
            <line number="69" hits="0" branch="false" />
            <line number="70" hits="0" branch="true" condition-coverage="0% (0/2)" />
            <line number="72" hits="0" branch="false" />
            <line number="73" hits="0" branch="false" />
            <line number="74" hits="0" branch="false" />
            <line number="76" hits="0" branch="false" />
          </lines>
        </class>
        <class name="FriendsApi.Host.Infra.Logging.LogExtensions" filename="/app/src/FriendsApi.Host/Infra/Logging/LogExtensions.cs" line-rate="1" branch-rate="0.75" complexity="6">
          <methods>
            <method name="LogSetup" signature="(...)" line-rate="1" branch-rate="1" complexity="1">
              <lines>
                <line number="17" hits="2" branch="false" />
                <line number="18" hits="2" branch="false" />
                <line number="19" hits="2" branch="false" />
                <line number="21" hits="2" branch="false" />
                <line number="23" hits="2" branch="false" />
              </lines>
            </method>
            <method name="AddLoggingRegistrations" signature="(...)" line-rate="1" branch-rate="1" complexity="1">
              <lines>
                <line number="26" hits="2" branch="false" />
                <line number="27" hits="2" branch="false" />
              </lines>
            </method>
            <method name="Enrich" signature="(...)" line-rate="1" branch-rate="0.75" complexity="4">
              <lines>
                <line number="33" hits="2" branch="false" />
                <line number="34" hits="2" branch="false" />
                <line number="35" hits="2" branch="false" />
                <line number="37" hits="2" branch="false" />
                <line number="38" hits="2" branch="true" condition-coverage="100% (2/2)" />
                <line number="39" hits="2" branch="false" />
                <line number="41" hits="2" branch="true" condition-coverage="50% (1/2)" />
                <line number="42" hits="2" branch="false" />
                <line number="43" hits="2" branch="false" />
                <line number="44" hits="2" branch="false" />
                <line number="45" hits="2" branch="false" />
                <line number="46" hits="2" branch="false" />
                <line number="47" hits="2" branch="false" />
                <line number="48" hits="2" branch="false" />
                <line number="49" hits="2" branch="false" />
                <line number="50" hits="2" branch="false" />
                <line number="51" hits="2" branch="false" />
                <line number="52" hits="2" branch="false" />
                <line number="53" hits="2" branch="false" />
                <line number="54" hits="2" branch="false" />
              </lines>
            </method>
          </methods>
          <lines>
            <line number="17" hits="2" branch="false" />
            <line number="18" hits="2" branch="false" />
            <line number="19" hits="2" branch="false" />
            <line number="21" hits="2" branch="false" />
            <line number="23" hits="2" branch="false" />
            <line number="26" hits="2" branch="false" />
            <line number="27" hits="2" branch="false" />
            <line number="33" hits="2" branch="false" />
            <line number="34" hits="2" branch="false" />
            <line number="35" hits="2" branch="false" />
            <line number="37" hits="2" branch="false" />
            <line number="38" hits="2" branch="true" condition-coverage="100% (2/2)" />
            <line number="39" hits="2" branch="false" />
            <line number="41" hits="2" branch="true" condition-coverage="50% (1/2)" />
            <line number="42" hits="2" branch="false" />
            <line number="43" hits="2" branch="false" />
            <line number="44" hits="2" branch="false" />
            <line number="45" hits="2" branch="false" />
            <line number="46" hits="2" branch="false" />
            <line number="47" hits="2" branch="false" />
            <line number="48" hits="2" branch="false" />
            <line number="49" hits="2" branch="false" />
            <line number="50" hits="2" branch="false" />
            <line number="51" hits="2" branch="false" />
            <line number="52" hits="2" branch="false" />
            <line number="53" hits="2" branch="false" />
            <line number="54" hits="2" branch="false" />
          </lines>
        </class>
        <class name="FriendsApi.Host.Ioc.ServiceRegistrations" filename="/app/src/FriendsApi.Host/Ioc/ServiceRegistrations.cs" line-rate="1" branch-rate="1" complexity="2">
          <methods>
            <method name="AddApplicationServices" signature="(...)" line-rate="1" branch-rate="1" complexity="1">
              <lines>
                <line number="12" hits="2" branch="false" />
                <line number="13" hits="2" branch="false" />
                <line number="14" hits="2" branch="false" />
              </lines>
            </method>
            <method name="AddDabaseConnection" signature="(...)" line-rate="1" branch-rate="1" complexity="1">
              <lines>
                <line number="19" hits="3" branch="false" />
                <line number="20" hits="2" branch="false" />
              </lines>
            </method>
          </methods>
          <lines>
            <line number="12" hits="2" branch="false" />
            <line number="13" hits="2" branch="false" />
            <line number="14" hits="2" branch="false" />
            <line number="19" hits="3" branch="false" />
            <line number="20" hits="2" branch="false" />
          </lines>
        </class>
        <class name="FriendsApi.Host.Startup" filename="/app/src/FriendsApi.Host/Startup.cs" line-rate="0.8813559322033898" branch-rate="1" complexity="4">
          <methods>
            <method name="get_Configuration" signature="()" line-rate="1" branch-rate="1" complexity="1">
              <lines>
                <line number="23" hits="6" branch="false" />
              </lines>
            </method>
            <method name="ConfigureServices" signature="(...)" line-rate="0.8055555555555556" branch-rate="1" complexity="1">
              <lines>
                <line number="29" hits="2" branch="false" />
                <line number="31" hits="2" branch="false" />
                <line number="32" hits="2" branch="false" />
                <line number="33" hits="2" branch="false" />
                <line number="34" hits="2" branch="false" />
                <line number="35" hits="2" branch="false" />
                <line number="36" hits="2" branch="false" />
                <line number="37" hits="2" branch="false" />
                <line number="38" hits="2" branch="false" />
                <line number="39" hits="2" branch="false" />
                <line number="40" hits="2" branch="false" />
                <line number="41" hits="2" branch="false" />
                <line number="42" hits="2" branch="false" />
                <line number="43" hits="2" branch="false" />
                <line number="44" hits="2" branch="false" />
                <line number="45" hits="0" branch="false" />
                <line number="46" hits="2" branch="false" />
                <line number="47" hits="0" branch="false" />
                <line number="48" hits="2" branch="false" />
                <line number="49" hits="0" branch="false" />
                <line number="50" hits="0" branch="false" />
                <line number="51" hits="0" branch="false" />
                <line number="52" hits="0" branch="false" />
                <line number="53" hits="0" branch="false" />
                <line number="54" hits="2" branch="false" />
                <line number="55" hits="2" branch="false" />
                <line number="56" hits="2" branch="false" />
                <line number="57" hits="2" branch="false" />
                <line number="58" hits="2" branch="false" />
                <line number="59" hits="2" branch="false" />
                <line number="60" hits="2" branch="false" />
                <line number="61" hits="4" branch="false" />
                <line number="62" hits="4" branch="false" />
                <line number="63" hits="2" branch="false" />
                <line number="64" hits="2" branch="false" />
                <line number="65" hits="2" branch="false" />
              </lines>
            </method>
            <method name="Configure" signature="(...)" line-rate="1" branch-rate="1" complexity="1">
              <lines>
                <line number="71" hits="2" branch="false" />
                <line number="77" hits="2" branch="false" />
                <line number="78" hits="2" branch="false" />
                <line number="80" hits="2" branch="false" />
                <line number="83" hits="2" branch="false" />
                <line number="84" hits="2" branch="false" />
                <line number="87" hits="4" branch="false" />
                <line number="90" hits="2" branch="false" />
                <line number="91" hits="2" branch="false" />
                <line number="92" hits="2" branch="false" />
                <line number="93" hits="2" branch="false" />
                <line number="94" hits="2" branch="false" />
                <line number="95" hits="2" branch="false" />
                <line number="96" hits="4" branch="false" />
                <line number="99" hits="2" branch="false" />
                <line number="100" hits="2" branch="false" />
                <line number="101" hits="4" branch="false" />
                <line number="102" hits="4" branch="false" />
                <line number="103" hits="2" branch="false" />
              </lines>
            </method>
            <method name=".ctor" signature="(...)" line-rate="1" branch-rate="1" complexity="1">
              <lines>
                <line number="18" hits="2" branch="false" />
                <line number="20" hits="2" branch="false" />
                <line number="21" hits="2" branch="false" />
              </lines>
            </method>
          </methods>
          <lines>
            <line number="18" hits="2" branch="false" />
            <line number="20" hits="2" branch="false" />
            <line number="21" hits="2" branch="false" />
            <line number="23" hits="6" branch="false" />
            <line number="29" hits="2" branch="false" />
            <line number="31" hits="2" branch="false" />
            <line number="32" hits="2" branch="false" />
            <line number="33" hits="2" branch="false" />
            <line number="34" hits="2" branch="false" />
            <line number="35" hits="2" branch="false" />
            <line number="36" hits="2" branch="false" />
            <line number="37" hits="2" branch="false" />
            <line number="38" hits="2" branch="false" />
            <line number="39" hits="2" branch="false" />
            <line number="40" hits="2" branch="false" />
            <line number="41" hits="2" branch="false" />
            <line number="42" hits="2" branch="false" />
            <line number="43" hits="2" branch="false" />
            <line number="44" hits="2" branch="false" />
            <line number="45" hits="0" branch="false" />
            <line number="46" hits="2" branch="false" />
            <line number="47" hits="0" branch="false" />
            <line number="48" hits="2" branch="false" />
            <line number="49" hits="0" branch="false" />
            <line number="50" hits="0" branch="false" />
            <line number="51" hits="0" branch="false" />
            <line number="52" hits="0" branch="false" />
            <line number="53" hits="0" branch="false" />
            <line number="54" hits="2" branch="false" />
            <line number="55" hits="2" branch="false" />
            <line number="56" hits="2" branch="false" />
            <line number="57" hits="2" branch="false" />
            <line number="58" hits="2" branch="false" />
            <line number="59" hits="2" branch="false" />
            <line number="60" hits="2" branch="false" />
            <line number="61" hits="4" branch="false" />
            <line number="62" hits="4" branch="false" />
            <line number="63" hits="2" branch="false" />
            <line number="64" hits="2" branch="false" />
            <line number="65" hits="2" branch="false" />
            <line number="71" hits="2" branch="false" />
            <line number="77" hits="2" branch="false" />
            <line number="78" hits="2" branch="false" />
            <line number="80" hits="2" branch="false" />
            <line number="83" hits="2" branch="false" />
            <line number="84" hits="2" branch="false" />
            <line number="87" hits="4" branch="false" />
            <line number="90" hits="2" branch="false" />
            <line number="91" hits="2" branch="false" />
            <line number="92" hits="2" branch="false" />
            <line number="93" hits="2" branch="false" />
            <line number="94" hits="2" branch="false" />
            <line number="95" hits="2" branch="false" />
            <line number="96" hits="4" branch="false" />
            <line number="99" hits="2" branch="false" />
            <line number="100" hits="2" branch="false" />
            <line number="101" hits="4" branch="false" />
            <line number="102" hits="4" branch="false" />
            <line number="103" hits="2" branch="false" />
          </lines>
        </class>
      </classes>
    </package>
    <package name="FriendsApi.Model" line-rate="1" branch-rate="1" complexity="2">
      <classes>
        <class name="FriendsApi.Model.Types.Friend" filename="/app/src/FriendsApi.Model/Types/Friend.cs" line-rate="1" branch-rate="1" complexity="2">
          <methods>
            <method name="get_Id" signature="()" line-rate="1" branch-rate="1" complexity="1">
              <lines>
                <line number="9" hits="18" branch="false" />
              </lines>
            </method>
            <method name="get_Name" signature="()" line-rate="1" branch-rate="1" complexity="1">
              <lines>
                <line number="10" hits="14" branch="false" />
              </lines>
            </method>
          </methods>
          <lines>
            <line number="9" hits="18" branch="false" />
            <line number="10" hits="14" branch="false" />
          </lines>
        </class>
      </classes>
    </package>
    <package name="FriendsApi.NSwagClient" line-rate="0.7293233082706767" branch-rate="0.5958904109589042" complexity="174">
      <classes>
        <class name="FriendsApi.NSwagClient.Proxies.Friend" filename="/app/tests/FriendsApi.NSwagClient/Proxies/FriendsApi.nswag.cs" line-rate="1" branch-rate="1" complexity="2">
          <methods>
            <method name="get_Id" signature="()" line-rate="1" branch-rate="1" complexity="1">
              <lines>
                <line number="575" hits="13" branch="false" />
              </lines>
            </method>
            <method name="get_Name" signature="()" line-rate="1" branch-rate="1" complexity="1">
              <lines>
                <line number="578" hits="16" branch="false" />
              </lines>
            </method>
          </methods>
          <lines>
            <line number="575" hits="13" branch="false" />
            <line number="578" hits="16" branch="false" />
          </lines>
        </class>
        <class name="FriendsApi.NSwagClient.Proxies.FriendsApiClient" filename="/app/tests/FriendsApi.NSwagClient/Proxies/FriendsApi.nswag.cs" line-rate="0.7381974248927039" branch-rate="0.5985915492957746" complexity="149">
          <methods>
            <method name="CreateSerializerSettings" signature="()" line-rate="1" branch-rate="1" complexity="1">
              <lines>
                <line number="31" hits="6" branch="false" />
                <line number="33" hits="6" branch="false" />
              </lines>
            </method>
            <method name="get_JsonSerializerSettings" signature="()" line-rate="1" branch-rate="1" complexity="1">
              <lines>
                <line number="36" hits="5" branch="false" />
              </lines>
            </method>
            <method name="get_ReadResponseAsString" signature="()" line-rate="0" branch-rate="1" complexity="1">
              <lines>
                <line number="482" hits="0" branch="false" />
              </lines>
            </method>
            <method name="ConvertToString" signature="(...)" line-rate="0.3333333333333333" branch-rate="0.35" complexity="20">
              <lines>
                <line number="528" hits="5" branch="true" condition-coverage="50% (1/2)" />
                <line number="530" hits="0" branch="false" />
                <line number="533" hits="5" branch="true" condition-coverage="50% (1/2)" />
                <line number="535" hits="0" branch="false" />
                <line number="536" hits="0" branch="true" condition-coverage="50% (1/2)" />
                <line number="538" hits="0" branch="false" />
                <line number="539" hits="0" branch="true" condition-coverage="0% (0/2)" />
                <line number="541" hits="0" branch="false" />
                <line number="542" hits="0" branch="false" />
                <line number="543" hits="0" branch="true" condition-coverage="0% (0/2)" />
                <line number="545" hits="0" branch="true" condition-coverage="0% (0/2)" />
                <line number="549" hits="0" branch="false" />
                <line number="552" hits="5" branch="true" condition-coverage="50% (1/2)" />
                <line number="554" hits="0" branch="false" />
                <line number="556" hits="5" branch="true" condition-coverage="50% (1/2)" />
                <line number="558" hits="0" branch="false" />
                <line number="560" hits="5" branch="true" condition-coverage="50% (1/2)" />
                <line number="562" hits="0" branch="false" />
                <line number="563" hits="0" branch="false" />
                <line number="566" hits="5" branch="false" />
                <line number="567" hits="5" branch="true" condition-coverage="50% (1/2)" />
              </lines>
            </method>
            <method name=".ctor" signature="(...)" line-rate="1" branch-rate="1" complexity="1">
              <lines>
                <line number="23" hits="8" branch="false" />
                <line number="25" hits="8" branch="false" />
                <line number="26" hits="8" branch="false" />
                <line number="27" hits="8" branch="false" />
              </lines>
            </method>
            <method name="get_Object" signature="()" line-rate="1" branch-rate="1" complexity="1">
              <lines>
                <line number="477" hits="10" branch="false" />
              </lines>
            </method>
            <method name="get_Text" signature="()" line-rate="1" branch-rate="1" complexity="1">
              <lines>
                <line number="479" hits="1" branch="false" />
              </lines>
            </method>
            <method name=".ctor" signature="(...)" line-rate="1" branch-rate="1" complexity="1">
              <lines>
                <line number="473" hits="5" branch="false" />
                <line number="474" hits="5" branch="false" />
                <line number="475" hits="5" branch="false" />
              </lines>
            </method>
            <method name="FriendsGetAsync" signature="()" line-rate="0.8571428571428571" branch-rate="0.7222222222222222" complexity="18">
              <lines>
                <line number="49" hits="1" branch="false" />
                <line number="50" hits="1" branch="false" />
                <line number="52" hits="1" branch="false" />
                <line number="53" hits="1" branch="false" />
                <line number="56" hits="1" branch="true" condition-coverage="100% (2/2)" />
                <line number="58" hits="1" branch="false" />
                <line number="59" hits="1" branch="false" />
                <line number="62" hits="1" branch="false" />
                <line number="63" hits="1" branch="false" />
                <line number="66" hits="1" branch="false" />
                <line number="67" hits="1" branch="false" />
                <line number="70" hits="7" branch="false" />
                <line number="71" hits="1" branch="true" condition-coverage="100% (4/4)" />
                <line number="73" hits="4" branch="true" condition-coverage="100% (2/2)" />
                <line number="74" hits="1" branch="false" />
                <line number="79" hits="1" branch="false" />
                <line number="80" hits="1" branch="true" condition-coverage="50% (1/2)" />
                <line number="82" hits="1" branch="false" />
                <line number="83" hits="1" branch="true" condition-coverage="50% (1/2)" />
                <line number="85" hits="0" branch="false" />
                <line number="87" hits="1" branch="false" />
                <line number="91" hits="0" branch="true" condition-coverage="0% (0/2)" />
                <line number="92" hits="0" branch="false" />
                <line number="97" hits="1" branch="true" condition-coverage="100% (2/2)" />
                <line number="98" hits="1" branch="false" />
                <line number="104" hits="1" branch="true" condition-coverage="50% (1/2)" />
                <line number="105" hits="0" branch="false" />
                <line number="107" hits="1" branch="false" />
              </lines>
            </method>
            <method name="FriendsPostAsync" signature="()" line-rate="0.8709677419354839" branch-rate="0.7222222222222222" complexity="18">
              <lines>
                <line number="115" hits="1" branch="false" />
                <line number="116" hits="1" branch="false" />
                <line number="118" hits="1" branch="false" />
                <line number="119" hits="1" branch="false" />
                <line number="122" hits="1" branch="true" condition-coverage="100% (2/2)" />
                <line number="124" hits="1" branch="false" />
                <line number="125" hits="1" branch="false" />
                <line number="126" hits="1" branch="false" />
                <line number="127" hits="1" branch="false" />
                <line number="128" hits="1" branch="false" />
                <line number="131" hits="1" branch="false" />
                <line number="132" hits="1" branch="false" />
                <line number="135" hits="1" branch="false" />
                <line number="136" hits="1" branch="false" />
                <line number="139" hits="9" branch="false" />
                <line number="140" hits="1" branch="true" condition-coverage="100% (4/4)" />
                <line number="142" hits="4" branch="true" condition-coverage="100% (2/2)" />
                <line number="143" hits="1" branch="false" />
                <line number="148" hits="1" branch="false" />
                <line number="149" hits="1" branch="true" condition-coverage="50% (1/2)" />
                <line number="151" hits="1" branch="false" />
                <line number="152" hits="1" branch="true" condition-coverage="50% (1/2)" />
                <line number="154" hits="0" branch="false" />
                <line number="156" hits="1" branch="false" />
                <line number="160" hits="0" branch="true" condition-coverage="0% (0/2)" />
                <line number="161" hits="0" branch="false" />
                <line number="166" hits="1" branch="true" condition-coverage="100% (2/2)" />
                <line number="167" hits="1" branch="false" />
                <line number="173" hits="1" branch="true" condition-coverage="50% (1/2)" />
                <line number="174" hits="0" branch="false" />
                <line number="176" hits="1" branch="false" />
              </lines>
            </method>
            <method name="FriendsGetAsync" signature="()" line-rate="0.8529411764705882" branch-rate="0.6538461538461539" complexity="26">
              <lines>
                <line number="187" hits="3" branch="false" />
                <line number="188" hits="3" branch="false" />
                <line number="189" hits="3" branch="false" />
                <line number="191" hits="3" branch="false" />
                <line number="192" hits="3" branch="false" />
                <line number="195" hits="3" branch="true" condition-coverage="100% (2/2)" />
                <line number="197" hits="3" branch="false" />
                <line number="198" hits="3" branch="false" />
                <line number="201" hits="3" branch="false" />
                <line number="202" hits="3" branch="false" />
                <line number="205" hits="3" branch="false" />
                <line number="206" hits="3" branch="true" condition-coverage="25% (1/4)" />
                <line number="209" hits="21" branch="false" />
                <line number="210" hits="3" branch="true" condition-coverage="100% (4/4)" />
                <line number="212" hits="12" branch="true" condition-coverage="100% (2/2)" />
                <line number="213" hits="3" branch="false" />
                <line number="218" hits="3" branch="false" />
                <line number="219" hits="3" branch="true" condition-coverage="100% (2/2)" />
                <line number="221" hits="2" branch="false" />
                <line number="222" hits="2" branch="true" condition-coverage="50% (1/2)" />
                <line number="224" hits="0" branch="false" />
                <line number="226" hits="2" branch="false" />
                <line number="229" hits="1" branch="true" condition-coverage="50% (1/2)" />
                <line number="231" hits="1" branch="false" />
                <line number="232" hits="1" branch="true" condition-coverage="50% (1/2)" />
                <line number="234" hits="0" branch="false" />
                <line number="236" hits="1" branch="false" />
                <line number="240" hits="0" branch="true" condition-coverage="0% (0/2)" />
                <line number="241" hits="0" branch="false" />
                <line number="246" hits="3" branch="true" condition-coverage="100% (2/2)" />
                <line number="247" hits="3" branch="false" />
                <line number="253" hits="3" branch="true" condition-coverage="50% (1/2)" />
                <line number="254" hits="0" branch="false" />
                <line number="256" hits="2" branch="false" />
              </lines>
            </method>
            <method name="FriendsPutAsync" signature="()" line-rate="0.696969696969697" branch-rate="0.55" complexity="20">
              <lines>
                <line number="267" hits="1" branch="false" />
                <line number="268" hits="1" branch="false" />
                <line number="269" hits="1" branch="false" />
                <line number="271" hits="1" branch="false" />
                <line number="272" hits="1" branch="false" />
                <line number="275" hits="1" branch="true" condition-coverage="100% (2/2)" />
                <line number="277" hits="1" branch="false" />
                <line number="278" hits="1" branch="false" />
                <line number="279" hits="1" branch="false" />
                <line number="280" hits="1" branch="false" />
                <line number="283" hits="1" branch="false" />
                <line number="284" hits="1" branch="false" />
                <line number="287" hits="1" branch="false" />
                <line number="288" hits="1" branch="false" />
                <line number="291" hits="5" branch="false" />
                <line number="292" hits="1" branch="true" condition-coverage="100% (4/4)" />
                <line number="294" hits="0" branch="true" condition-coverage="50% (1/2)" />
                <line number="295" hits="0" branch="false" />
                <line number="300" hits="1" branch="false" />
                <line number="301" hits="1" branch="true" condition-coverage="50% (1/2)" />
                <line number="303" hits="1" branch="false" />
                <line number="306" hits="0" branch="true" condition-coverage="0% (0/2)" />
                <line number="308" hits="0" branch="false" />
                <line number="309" hits="0" branch="true" condition-coverage="0% (0/2)" />
                <line number="311" hits="0" branch="false" />
                <line number="313" hits="0" branch="false" />
                <line number="317" hits="0" branch="true" condition-coverage="0% (0/2)" />
                <line number="318" hits="0" branch="false" />
                <line number="323" hits="1" branch="true" condition-coverage="100% (2/2)" />
                <line number="324" hits="1" branch="false" />
                <line number="330" hits="1" branch="true" condition-coverage="50% (1/2)" />
                <line number="331" hits="0" branch="false" />
                <line number="333" hits="1" branch="false" />
              </lines>
            </method>
            <method name="FriendsDeleteAsync" signature="()" line-rate="0.6666666666666666" branch-rate="0.55" complexity="20">
              <lines>
                <line number="344" hits="1" branch="false" />
                <line number="345" hits="1" branch="false" />
                <line number="346" hits="1" branch="false" />
                <line number="348" hits="1" branch="false" />
                <line number="349" hits="1" branch="false" />
                <line number="352" hits="1" branch="true" condition-coverage="100% (2/2)" />
                <line number="354" hits="1" branch="false" />
                <line number="357" hits="1" branch="false" />
                <line number="358" hits="1" branch="false" />
                <line number="361" hits="1" branch="false" />
                <line number="362" hits="1" branch="false" />
                <line number="365" hits="5" branch="false" />
                <line number="366" hits="1" branch="true" condition-coverage="100% (4/4)" />
                <line number="368" hits="0" branch="true" condition-coverage="50% (1/2)" />
                <line number="369" hits="0" branch="false" />
                <line number="374" hits="1" branch="false" />
                <line number="375" hits="1" branch="true" condition-coverage="50% (1/2)" />
                <line number="377" hits="1" branch="false" />
                <line number="380" hits="0" branch="true" condition-coverage="0% (0/2)" />
                <line number="382" hits="0" branch="false" />
                <line number="383" hits="0" branch="true" condition-coverage="0% (0/2)" />
                <line number="385" hits="0" branch="false" />
                <line number="387" hits="0" branch="false" />
                <line number="391" hits="0" branch="true" condition-coverage="0% (0/2)" />
                <line number="392" hits="0" branch="false" />
                <line number="397" hits="1" branch="true" condition-coverage="100% (2/2)" />
                <line number="398" hits="1" branch="false" />
                <line number="404" hits="1" branch="true" condition-coverage="50% (1/2)" />
                <line number="405" hits="0" branch="false" />
                <line number="407" hits="1" branch="false" />
              </lines>
            </method>
            <method name="HealthcheckAsync" signature="()" line-rate="0.875" branch-rate="0.7142857142857143" complexity="14">
              <lines>
                <line number="415" hits="1" branch="false" />
                <line number="416" hits="1" branch="false" />
                <line number="418" hits="1" branch="false" />
                <line number="419" hits="1" branch="false" />
                <line number="422" hits="1" branch="false" />
                <line number="424" hits="1" branch="false" />
                <line number="427" hits="1" branch="false" />
                <line number="428" hits="1" branch="false" />
                <line number="431" hits="1" branch="false" />
                <line number="432" hits="1" branch="false" />
                <line number="435" hits="5" branch="false" />
                <line number="436" hits="1" branch="true" condition-coverage="100% (4/4)" />
                <line number="438" hits="4" branch="true" condition-coverage="100% (2/2)" />
                <line number="439" hits="1" branch="false" />
                <line number="444" hits="1" branch="false" />
                <line number="445" hits="1" branch="true" condition-coverage="50% (1/2)" />
                <line number="447" hits="1" branch="false" />
                <line number="451" hits="0" branch="true" condition-coverage="0% (0/2)" />
                <line number="452" hits="0" branch="false" />
                <line number="457" hits="1" branch="true" condition-coverage="100% (2/2)" />
                <line number="458" hits="1" branch="false" />
                <line number="464" hits="1" branch="true" condition-coverage="50% (1/2)" />
                <line number="465" hits="0" branch="false" />
                <line number="467" hits="1" branch="false" />
              </lines>
            </method>
            <method name="ReadObjectResponseAsync" signature="()" line-rate="0.47368421052631576" branch-rate="0.5" complexity="6">
              <lines>
                <line number="486" hits="5" branch="true" condition-coverage="50% (2/4)" />
                <line number="488" hits="0" branch="false" />
                <line number="491" hits="5" branch="true" condition-coverage="50% (1/2)" />
                <line number="493" hits="0" branch="false" />
                <line number="496" hits="0" branch="false" />
                <line number="497" hits="0" branch="false" />
                <line number="499" hits="0" branch="false" />
                <line number="501" hits="0" branch="false" />
                <line number="502" hits="0" branch="false" />
                <line number="509" hits="5" branch="false" />
                <line number="510" hits="5" branch="false" />
                <line number="511" hits="5" branch="false" />
                <line number="513" hits="5" branch="false" />
                <line number="514" hits="5" branch="false" />
                <line number="515" hits="5" branch="false" />
                <line number="518" hits="0" branch="false" />
                <line number="520" hits="0" branch="false" />
                <line number="521" hits="0" branch="false" />
                <line number="524" hits="5" branch="false" />
              </lines>
            </method>
          </methods>
          <lines>
            <line number="23" hits="8" branch="false" />
            <line number="25" hits="8" branch="false" />
            <line number="26" hits="8" branch="false" />
            <line number="27" hits="8" branch="false" />
            <line number="31" hits="6" branch="false" />
            <line number="33" hits="6" branch="false" />
            <line number="36" hits="5" branch="false" />
            <line number="49" hits="1" branch="false" />
            <line number="50" hits="1" branch="false" />
            <line number="52" hits="1" branch="false" />
            <line number="53" hits="1" branch="false" />
            <line number="56" hits="1" branch="true" condition-coverage="100% (2/2)" />
            <line number="58" hits="1" branch="false" />
            <line number="59" hits="1" branch="false" />
            <line number="62" hits="1" branch="false" />
            <line number="63" hits="1" branch="false" />
            <line number="66" hits="1" branch="false" />
            <line number="67" hits="1" branch="false" />
            <line number="70" hits="7" branch="false" />
            <line number="71" hits="1" branch="true" condition-coverage="100% (4/4)" />
            <line number="73" hits="4" branch="true" condition-coverage="100% (2/2)" />
            <line number="74" hits="1" branch="false" />
            <line number="79" hits="1" branch="false" />
            <line number="80" hits="1" branch="true" condition-coverage="50% (1/2)" />
            <line number="82" hits="1" branch="false" />
            <line number="83" hits="1" branch="true" condition-coverage="50% (1/2)" />
            <line number="85" hits="0" branch="false" />
            <line number="87" hits="1" branch="false" />
            <line number="91" hits="0" branch="true" condition-coverage="0% (0/2)" />
            <line number="92" hits="0" branch="false" />
            <line number="97" hits="1" branch="true" condition-coverage="100% (2/2)" />
            <line number="98" hits="1" branch="false" />
            <line number="104" hits="1" branch="true" condition-coverage="50% (1/2)" />
            <line number="105" hits="0" branch="false" />
            <line number="107" hits="1" branch="false" />
            <line number="115" hits="1" branch="false" />
            <line number="116" hits="1" branch="false" />
            <line number="118" hits="1" branch="false" />
            <line number="119" hits="1" branch="false" />
            <line number="122" hits="1" branch="true" condition-coverage="100% (2/2)" />
            <line number="124" hits="1" branch="false" />
            <line number="125" hits="1" branch="false" />
            <line number="126" hits="1" branch="false" />
            <line number="127" hits="1" branch="false" />
            <line number="128" hits="1" branch="false" />
            <line number="131" hits="1" branch="false" />
            <line number="132" hits="1" branch="false" />
            <line number="135" hits="1" branch="false" />
            <line number="136" hits="1" branch="false" />
            <line number="139" hits="9" branch="false" />
            <line number="140" hits="1" branch="true" condition-coverage="100% (4/4)" />
            <line number="142" hits="4" branch="true" condition-coverage="100% (2/2)" />
            <line number="143" hits="1" branch="false" />
            <line number="148" hits="1" branch="false" />
            <line number="149" hits="1" branch="true" condition-coverage="50% (1/2)" />
            <line number="151" hits="1" branch="false" />
            <line number="152" hits="1" branch="true" condition-coverage="50% (1/2)" />
            <line number="154" hits="0" branch="false" />
            <line number="156" hits="1" branch="false" />
            <line number="160" hits="0" branch="true" condition-coverage="0% (0/2)" />
            <line number="161" hits="0" branch="false" />
            <line number="166" hits="1" branch="true" condition-coverage="100% (2/2)" />
            <line number="167" hits="1" branch="false" />
            <line number="173" hits="1" branch="true" condition-coverage="50% (1/2)" />
            <line number="174" hits="0" branch="false" />
            <line number="176" hits="1" branch="false" />
            <line number="187" hits="3" branch="false" />
            <line number="188" hits="3" branch="false" />
            <line number="189" hits="3" branch="false" />
            <line number="191" hits="3" branch="false" />
            <line number="192" hits="3" branch="false" />
            <line number="195" hits="3" branch="true" condition-coverage="100% (2/2)" />
            <line number="197" hits="3" branch="false" />
            <line number="198" hits="3" branch="false" />
            <line number="201" hits="3" branch="false" />
            <line number="202" hits="3" branch="false" />
            <line number="205" hits="3" branch="false" />
            <line number="206" hits="3" branch="true" condition-coverage="25% (1/4)" />
            <line number="209" hits="21" branch="false" />
            <line number="210" hits="3" branch="true" condition-coverage="100% (4/4)" />
            <line number="212" hits="12" branch="true" condition-coverage="100% (2/2)" />
            <line number="213" hits="3" branch="false" />
            <line number="218" hits="3" branch="false" />
            <line number="219" hits="3" branch="true" condition-coverage="100% (2/2)" />
            <line number="221" hits="2" branch="false" />
            <line number="222" hits="2" branch="true" condition-coverage="50% (1/2)" />
            <line number="224" hits="0" branch="false" />
            <line number="226" hits="2" branch="false" />
            <line number="229" hits="1" branch="true" condition-coverage="50% (1/2)" />
            <line number="231" hits="1" branch="false" />
            <line number="232" hits="1" branch="true" condition-coverage="50% (1/2)" />
            <line number="234" hits="0" branch="false" />
            <line number="236" hits="1" branch="false" />
            <line number="240" hits="0" branch="true" condition-coverage="0% (0/2)" />
            <line number="241" hits="0" branch="false" />
            <line number="246" hits="3" branch="true" condition-coverage="100% (2/2)" />
            <line number="247" hits="3" branch="false" />
            <line number="253" hits="3" branch="true" condition-coverage="50% (1/2)" />
            <line number="254" hits="0" branch="false" />
            <line number="256" hits="2" branch="false" />
            <line number="267" hits="1" branch="false" />
            <line number="268" hits="1" branch="false" />
            <line number="269" hits="1" branch="false" />
            <line number="271" hits="1" branch="false" />
            <line number="272" hits="1" branch="false" />
            <line number="275" hits="1" branch="true" condition-coverage="100% (2/2)" />
            <line number="277" hits="1" branch="false" />
            <line number="278" hits="1" branch="false" />
            <line number="279" hits="1" branch="false" />
            <line number="280" hits="1" branch="false" />
            <line number="283" hits="1" branch="false" />
            <line number="284" hits="1" branch="false" />
            <line number="287" hits="1" branch="false" />
            <line number="288" hits="1" branch="false" />
            <line number="291" hits="5" branch="false" />
            <line number="292" hits="1" branch="true" condition-coverage="100% (4/4)" />
            <line number="294" hits="0" branch="true" condition-coverage="50% (1/2)" />
            <line number="295" hits="0" branch="false" />
            <line number="300" hits="1" branch="false" />
            <line number="301" hits="1" branch="true" condition-coverage="50% (1/2)" />
            <line number="303" hits="1" branch="false" />
            <line number="306" hits="0" branch="true" condition-coverage="0% (0/2)" />
            <line number="308" hits="0" branch="false" />
            <line number="309" hits="0" branch="true" condition-coverage="0% (0/2)" />
            <line number="311" hits="0" branch="false" />
            <line number="313" hits="0" branch="false" />
            <line number="317" hits="0" branch="true" condition-coverage="0% (0/2)" />
            <line number="318" hits="0" branch="false" />
            <line number="323" hits="1" branch="true" condition-coverage="100% (2/2)" />
            <line number="324" hits="1" branch="false" />
            <line number="330" hits="1" branch="true" condition-coverage="50% (1/2)" />
            <line number="331" hits="0" branch="false" />
            <line number="333" hits="1" branch="false" />
            <line number="344" hits="1" branch="false" />
            <line number="345" hits="1" branch="false" />
            <line number="346" hits="1" branch="false" />
            <line number="348" hits="1" branch="false" />
            <line number="349" hits="1" branch="false" />
            <line number="352" hits="1" branch="true" condition-coverage="100% (2/2)" />
            <line number="354" hits="1" branch="false" />
            <line number="357" hits="1" branch="false" />
            <line number="358" hits="1" branch="false" />
            <line number="361" hits="1" branch="false" />
            <line number="362" hits="1" branch="false" />
            <line number="365" hits="5" branch="false" />
            <line number="366" hits="1" branch="true" condition-coverage="100% (4/4)" />
            <line number="368" hits="0" branch="true" condition-coverage="50% (1/2)" />
            <line number="369" hits="0" branch="false" />
            <line number="374" hits="1" branch="false" />
            <line number="375" hits="1" branch="true" condition-coverage="50% (1/2)" />
            <line number="377" hits="1" branch="false" />
            <line number="380" hits="0" branch="true" condition-coverage="0% (0/2)" />
            <line number="382" hits="0" branch="false" />
            <line number="383" hits="0" branch="true" condition-coverage="0% (0/2)" />
            <line number="385" hits="0" branch="false" />
            <line number="387" hits="0" branch="false" />
            <line number="391" hits="0" branch="true" condition-coverage="0% (0/2)" />
            <line number="392" hits="0" branch="false" />
            <line number="397" hits="1" branch="true" condition-coverage="100% (2/2)" />
            <line number="398" hits="1" branch="false" />
            <line number="404" hits="1" branch="true" condition-coverage="50% (1/2)" />
            <line number="405" hits="0" branch="false" />
            <line number="407" hits="1" branch="false" />
            <line number="415" hits="1" branch="false" />
            <line number="416" hits="1" branch="false" />
            <line number="418" hits="1" branch="false" />
            <line number="419" hits="1" branch="false" />
            <line number="422" hits="1" branch="false" />
            <line number="424" hits="1" branch="false" />
            <line number="427" hits="1" branch="false" />
            <line number="428" hits="1" branch="false" />
            <line number="431" hits="1" branch="false" />
            <line number="432" hits="1" branch="false" />
            <line number="435" hits="5" branch="false" />
            <line number="436" hits="1" branch="true" condition-coverage="100% (4/4)" />
            <line number="438" hits="4" branch="true" condition-coverage="100% (2/2)" />
            <line number="439" hits="1" branch="false" />
            <line number="444" hits="1" branch="false" />
            <line number="445" hits="1" branch="true" condition-coverage="50% (1/2)" />
            <line number="447" hits="1" branch="false" />
            <line number="451" hits="0" branch="true" condition-coverage="0% (0/2)" />
            <line number="452" hits="0" branch="false" />
            <line number="457" hits="1" branch="true" condition-coverage="100% (2/2)" />
            <line number="458" hits="1" branch="false" />
            <line number="464" hits="1" branch="true" condition-coverage="50% (1/2)" />
            <line number="465" hits="0" branch="false" />
            <line number="467" hits="1" branch="false" />
            <line number="473" hits="5" branch="false" />
            <line number="474" hits="5" branch="false" />
            <line number="475" hits="5" branch="false" />
            <line number="477" hits="10" branch="false" />
            <line number="479" hits="1" branch="false" />
            <line number="482" hits="0" branch="false" />
            <line number="486" hits="5" branch="true" condition-coverage="50% (2/4)" />
            <line number="488" hits="0" branch="false" />
            <line number="491" hits="5" branch="true" condition-coverage="50% (1/2)" />
            <line number="493" hits="0" branch="false" />
            <line number="496" hits="0" branch="false" />
            <line number="497" hits="0" branch="false" />
            <line number="499" hits="0" branch="false" />
            <line number="501" hits="0" branch="false" />
            <line number="502" hits="0" branch="false" />
            <line number="509" hits="5" branch="false" />
            <line number="510" hits="5" branch="false" />
            <line number="511" hits="5" branch="false" />
            <line number="513" hits="5" branch="false" />
            <line number="514" hits="5" branch="false" />
            <line number="515" hits="5" branch="false" />
            <line number="518" hits="0" branch="false" />
            <line number="520" hits="0" branch="false" />
            <line number="521" hits="0" branch="false" />
            <line number="524" hits="5" branch="false" />
            <line number="528" hits="5" branch="true" condition-coverage="50% (1/2)" />
            <line number="530" hits="0" branch="false" />
            <line number="533" hits="5" branch="true" condition-coverage="50% (1/2)" />
            <line number="535" hits="0" branch="false" />
            <line number="536" hits="0" branch="true" condition-coverage="50% (1/2)" />
            <line number="538" hits="0" branch="false" />
            <line number="539" hits="0" branch="true" condition-coverage="0% (0/2)" />
            <line number="541" hits="0" branch="false" />
            <line number="542" hits="0" branch="false" />
            <line number="543" hits="0" branch="true" condition-coverage="0% (0/2)" />
            <line number="545" hits="0" branch="true" condition-coverage="0% (0/2)" />
            <line number="549" hits="0" branch="false" />
            <line number="552" hits="5" branch="true" condition-coverage="50% (1/2)" />
            <line number="554" hits="0" branch="false" />
            <line number="556" hits="5" branch="true" condition-coverage="50% (1/2)" />
            <line number="558" hits="0" branch="false" />
            <line number="560" hits="5" branch="true" condition-coverage="50% (1/2)" />
            <line number="562" hits="0" branch="false" />
            <line number="563" hits="0" branch="false" />
            <line number="566" hits="5" branch="false" />
            <line number="567" hits="5" branch="true" condition-coverage="50% (1/2)" />
          </lines>
        </class>
        <class name="FriendsApi.NSwagClient.Proxies.ProblemDetails" filename="/app/tests/FriendsApi.NSwagClient/Proxies/FriendsApi.nswag.cs" line-rate="0.25" branch-rate="1" complexity="8">
          <methods>
            <method name="get_Type" signature="()" line-rate="0" branch-rate="1" complexity="1">
              <lines>
                <line number="587" hits="0" branch="false" />
              </lines>
            </method>
            <method name="get_Title" signature="()" line-rate="0" branch-rate="1" complexity="1">
              <lines>
                <line number="590" hits="0" branch="false" />
              </lines>
            </method>
            <method name="get_Status" signature="()" line-rate="0" branch-rate="1" complexity="1">
              <lines>
                <line number="593" hits="0" branch="false" />
              </lines>
            </method>
            <method name="get_Detail" signature="()" line-rate="0" branch-rate="1" complexity="1">
              <lines>
                <line number="596" hits="0" branch="false" />
              </lines>
            </method>
            <method name="get_Instance" signature="()" line-rate="0" branch-rate="1" complexity="1">
              <lines>
                <line number="599" hits="0" branch="false" />
              </lines>
            </method>
            <method name="get_AdditionalProperties" signature="()" line-rate="1" branch-rate="1" complexity="1">
              <lines>
                <line number="606" hits="1" branch="false" />
              </lines>
            </method>
            <method name="set_AdditionalProperties" signature="(...)" line-rate="0" branch-rate="1" complexity="1">
              <lines>
                <line number="607" hits="0" branch="false" />
              </lines>
            </method>
            <method name=".ctor" signature="()" line-rate="1" branch-rate="1" complexity="1">
              <lines>
                <line number="601" hits="1" branch="false" />
              </lines>
            </method>
          </methods>
          <lines>
            <line number="587" hits="0" branch="false" />
            <line number="590" hits="0" branch="false" />
            <line number="593" hits="0" branch="false" />
            <line number="596" hits="0" branch="false" />
            <line number="599" hits="0" branch="false" />
            <line number="601" hits="1" branch="false" />
            <line number="606" hits="1" branch="false" />
            <line number="607" hits="0" branch="false" />
          </lines>
        </class>
        <class name="FriendsApi.NSwagClient.Proxies.SwaggerException" filename="/app/tests/FriendsApi.NSwagClient/Proxies/FriendsApi.nswag.cs" line-rate="0.6666666666666666" branch-rate="0.5" complexity="8">
          <methods>
            <method name="get_StatusCode" signature="()" line-rate="1" branch-rate="1" complexity="1">
              <lines>
                <line number="642" hits="2" branch="false" />
              </lines>
            </method>
            <method name="get_Response" signature="()" line-rate="0" branch-rate="1" complexity="1">
              <lines>
                <line number="644" hits="0" branch="false" />
              </lines>
            </method>
            <method name="get_Headers" signature="()" line-rate="0" branch-rate="1" complexity="1">
              <lines>
                <line number="646" hits="0" branch="false" />
              </lines>
            </method>
            <method name="ToString" signature="()" line-rate="0" branch-rate="1" complexity="1">
              <lines>
                <line number="658" hits="0" branch="false" />
              </lines>
            </method>
            <method name=".ctor" signature="(...)" line-rate="1" branch-rate="0.5" complexity="4">
              <lines>
                <line number="649" hits="1" branch="true" condition-coverage="50% (2/4)" />
                <line number="651" hits="1" branch="false" />
                <line number="652" hits="1" branch="false" />
                <line number="653" hits="1" branch="false" />
                <line number="654" hits="1" branch="false" />
              </lines>
            </method>
          </methods>
          <lines>
            <line number="642" hits="2" branch="false" />
            <line number="644" hits="0" branch="false" />
            <line number="646" hits="0" branch="false" />
            <line number="649" hits="1" branch="true" condition-coverage="50% (2/4)" />
            <line number="651" hits="1" branch="false" />
            <line number="652" hits="1" branch="false" />
            <line number="653" hits="1" branch="false" />
            <line number="654" hits="1" branch="false" />
            <line number="658" hits="0" branch="false" />
          </lines>
        </class>
        <class name="FriendsApi.NSwagClient.Proxies.SwaggerException`1" filename="/app/tests/FriendsApi.NSwagClient/Proxies/FriendsApi.nswag.cs" line-rate="0.75" branch-rate="1" complexity="2">
          <methods>
            <method name="get_Result" signature="()" line-rate="0" branch-rate="1" complexity="1">
              <lines>
                <line number="665" hits="0" branch="false" />
              </lines>
            </method>
            <method name=".ctor" signature="(...)" line-rate="1" branch-rate="1" complexity="1">
              <lines>
                <line number="668" hits="1" branch="false" />
                <line number="670" hits="1" branch="false" />
                <line number="671" hits="1" branch="false" />
              </lines>
            </method>
          </methods>
          <lines>
            <line number="665" hits="0" branch="false" />
            <line number="668" hits="1" branch="false" />
            <line number="670" hits="1" branch="false" />
            <line number="671" hits="1" branch="false" />
          </lines>
        </class>
        <class name="FriendsApi.NSwagClient.Proxies.SwaggerResponse" filename="/app/tests/FriendsApi.NSwagClient/Proxies/FriendsApi.nswag.cs" line-rate="0.8333333333333334" branch-rate="1" complexity="3">
          <methods>
            <method name="get_StatusCode" signature="()" line-rate="1" branch-rate="1" complexity="1">
              <lines>
                <line number="616" hits="14" branch="false" />
              </lines>
            </method>
            <method name="get_Headers" signature="()" line-rate="0" branch-rate="1" complexity="1">
              <lines>
                <line number="618" hits="0" branch="false" />
              </lines>
            </method>
            <method name=".ctor" signature="(...)" line-rate="1" branch-rate="1" complexity="1">
              <lines>
                <line number="620" hits="7" branch="false" />
                <line number="622" hits="7" branch="false" />
                <line number="623" hits="7" branch="false" />
                <line number="624" hits="7" branch="false" />
              </lines>
            </method>
          </methods>
          <lines>
            <line number="616" hits="14" branch="false" />
            <line number="618" hits="0" branch="false" />
            <line number="620" hits="7" branch="false" />
            <line number="622" hits="7" branch="false" />
            <line number="623" hits="7" branch="false" />
            <line number="624" hits="7" branch="false" />
          </lines>
        </class>
        <class name="FriendsApi.NSwagClient.Proxies.SwaggerResponse`1" filename="/app/tests/FriendsApi.NSwagClient/Proxies/FriendsApi.nswag.cs" line-rate="1" branch-rate="1" complexity="2">
          <methods>
            <method name="get_Result" signature="()" line-rate="1" branch-rate="1" complexity="1">
              <lines>
                <line number="630" hits="14" branch="false" />
              </lines>
            </method>
            <method name=".ctor" signature="(...)" line-rate="1" branch-rate="1" complexity="1">
              <lines>
                <line number="633" hits="4" branch="false" />
                <line number="635" hits="4" branch="false" />
                <line number="636" hits="4" branch="false" />
              </lines>
            </method>
          </methods>
          <lines>
            <line number="630" hits="14" branch="false" />
            <line number="633" hits="4" branch="false" />
            <line number="635" hits="4" branch="false" />
            <line number="636" hits="4" branch="false" />
          </lines>
        </class>
      </classes>
    </package>
  </packages>
</coverage>