<?xml version="1.0" encoding="utf-8"?>
<coverage line-rate="0.7293000000000001" branch-rate="0.5958" version="1.9" timestamp="1603992849" lines-covered="194" lines-valid="266" branches-covered="87" branches-valid="146">
  <sources>
    <source>/</source>
  </sources>
  <packages>
    <package name="FriendsApi.NSwagClient" line-rate="0.7293000000000001" branch-rate="0.5958" complexity="180">
      <classes>
        <class name="FriendsApi.NSwagClient.Proxies.FriendsApiClient" filename="app/tests/FriendsApi.NSwagClient/Proxies/FriendsApi.nswag.cs" line-rate="0.4827" branch-rate="0.35" complexity="24">
          <methods>
            <method name="CreateSerializerSettings" signature="()" line-rate="1" branch-rate="1" complexity="1">
              <lines>
                <line number="31" hits="6" branch="False" />
                <line number="33" hits="6" branch="False" />
              </lines>
            </method>
            <method name="get_JsonSerializerSettings" signature="()" line-rate="1" branch-rate="1" complexity="1">
              <lines>
                <line number="36" hits="5" branch="False" />
              </lines>
            </method>
            <method name="get_ReadResponseAsString" signature="()" line-rate="0" branch-rate="1" complexity="1">
              <lines>
                <line number="482" hits="0" branch="False" />
              </lines>
            </method>
            <method name="ConvertToString" signature="(System.Object,System.Globalization.CultureInfo)" line-rate="0.3333" branch-rate="0.35" complexity="20">
              <lines>
                <line number="528" hits="5" branch="True" condition-coverage="50% (1/2)">
                  <conditions>
                    <condition number="21" type="jump" coverage="50%" />
                  </conditions>
                </line>
                <line number="530" hits="0" branch="False" />
                <line number="533" hits="5" branch="True" condition-coverage="50% (1/2)">
                  <conditions>
                    <condition number="31" type="jump" coverage="50%" />
                  </conditions>
                </line>
                <line number="535" hits="0" branch="False" />
                <line number="536" hits="0" branch="True" condition-coverage="50% (1/2)">
                  <conditions>
                    <condition number="47" type="jump" coverage="50%" />
                  </conditions>
                </line>
                <line number="538" hits="0" branch="False" />
                <line number="539" hits="0" branch="True" condition-coverage="0% (0/2)">
                  <conditions>
                    <condition number="77" type="jump" coverage="0%" />
                  </conditions>
                </line>
                <line number="541" hits="0" branch="False" />
                <line number="542" hits="0" branch="False" />
                <line number="543" hits="0" branch="True" condition-coverage="0% (0/2)">
                  <conditions>
                    <condition number="104" type="jump" coverage="0%" />
                  </conditions>
                </line>
                <line number="545" hits="0" branch="True" condition-coverage="0% (0/2)">
                  <conditions>
                    <condition number="113" type="jump" coverage="0%" />
                  </conditions>
                </line>
                <line number="549" hits="0" branch="False" />
                <line number="552" hits="5" branch="True" condition-coverage="50% (1/2)">
                  <conditions>
                    <condition number="160" type="jump" coverage="50%" />
                  </conditions>
                </line>
                <line number="554" hits="0" branch="False" />
                <line number="556" hits="5" branch="True" condition-coverage="50% (1/2)">
                  <conditions>
                    <condition number="191" type="jump" coverage="50%" />
                  </conditions>
                </line>
                <line number="558" hits="0" branch="False" />
                <line number="560" hits="5" branch="True" condition-coverage="50% (1/2)">
                  <conditions>
                    <condition number="216" type="jump" coverage="50%" />
                  </conditions>
                </line>
                <line number="562" hits="0" branch="False" />
                <line number="563" hits="0" branch="False" />
                <line number="566" hits="5" branch="False" />
                <line number="567" hits="5" branch="True" condition-coverage="50% (1/2)">
                  <conditions>
                    <condition number="275" type="jump" coverage="50%" />
                  </conditions>
                </line>
              </lines>
            </method>
            <method name=".ctor" signature="(System.Net.Http.HttpClient)" line-rate="1" branch-rate="1" complexity="1">
              <lines>
                <line number="23" hits="8" branch="False" />
                <line number="25" hits="8" branch="False" />
                <line number="26" hits="8" branch="False" />
                <line number="27" hits="8" branch="False" />
              </lines>
            </method>
          </methods>
          <lines>
            <line number="31" hits="6" branch="False" />
            <line number="33" hits="6" branch="False" />
            <line number="36" hits="5" branch="False" />
            <line number="482" hits="0" branch="False" />
            <line number="528" hits="5" branch="True" condition-coverage="50% (1/2)">
              <conditions>
                <condition number="21" type="jump" coverage="50%" />
              </conditions>
            </line>
            <line number="530" hits="0" branch="False" />
            <line number="533" hits="5" branch="True" condition-coverage="50% (1/2)">
              <conditions>
                <condition number="31" type="jump" coverage="50%" />
              </conditions>
            </line>
            <line number="535" hits="0" branch="False" />
            <line number="536" hits="0" branch="True" condition-coverage="50% (1/2)">
              <conditions>
                <condition number="47" type="jump" coverage="50%" />
              </conditions>
            </line>
            <line number="538" hits="0" branch="False" />
            <line number="539" hits="0" branch="True" condition-coverage="0% (0/2)">
              <conditions>
                <condition number="77" type="jump" coverage="0%" />
              </conditions>
            </line>
            <line number="541" hits="0" branch="False" />
            <line number="542" hits="0" branch="False" />
            <line number="543" hits="0" branch="True" condition-coverage="0% (0/2)">
              <conditions>
                <condition number="104" type="jump" coverage="0%" />
              </conditions>
            </line>
            <line number="545" hits="0" branch="True" condition-coverage="0% (0/2)">
              <conditions>
                <condition number="113" type="jump" coverage="0%" />
              </conditions>
            </line>
            <line number="549" hits="0" branch="False" />
            <line number="552" hits="5" branch="True" condition-coverage="50% (1/2)">
              <conditions>
                <condition number="160" type="jump" coverage="50%" />
              </conditions>
            </line>
            <line number="554" hits="0" branch="False" />
            <line number="556" hits="5" branch="True" condition-coverage="50% (1/2)">
              <conditions>
                <condition number="191" type="jump" coverage="50%" />
              </conditions>
            </line>
            <line number="558" hits="0" branch="False" />
            <line number="560" hits="5" branch="True" condition-coverage="50% (1/2)">
              <conditions>
                <condition number="216" type="jump" coverage="50%" />
              </conditions>
            </line>
            <line number="562" hits="0" branch="False" />
            <line number="563" hits="0" branch="False" />
            <line number="566" hits="5" branch="False" />
            <line number="567" hits="5" branch="True" condition-coverage="50% (1/2)">
              <conditions>
                <condition number="275" type="jump" coverage="50%" />
              </conditions>
            </line>
            <line number="23" hits="8" branch="False" />
            <line number="25" hits="8" branch="False" />
            <line number="26" hits="8" branch="False" />
            <line number="27" hits="8" branch="False" />
          </lines>
        </class>
        <class name="FriendsApi.NSwagClient.Proxies.FriendsApiClient/ObjectResponseResult`1" filename="app/tests/FriendsApi.NSwagClient/Proxies/FriendsApi.nswag.cs" line-rate="1" branch-rate="1" complexity="3">
          <methods>
            <method name="get_Object" signature="()" line-rate="1" branch-rate="1" complexity="1">
              <lines>
                <line number="477" hits="10" branch="False" />
              </lines>
            </method>
            <method name="get_Text" signature="()" line-rate="1" branch-rate="1" complexity="1">
              <lines>
                <line number="479" hits="1" branch="False" />
              </lines>
            </method>
            <method name=".ctor" signature="(T,System.String)" line-rate="1" branch-rate="1" complexity="1">
              <lines>
                <line number="473" hits="5" branch="False" />
                <line number="474" hits="5" branch="False" />
                <line number="475" hits="5" branch="False" />
              </lines>
            </method>
          </methods>
          <lines>
            <line number="477" hits="10" branch="False" />
            <line number="479" hits="1" branch="False" />
            <line number="473" hits="5" branch="False" />
            <line number="474" hits="5" branch="False" />
            <line number="475" hits="5" branch="False" />
          </lines>
        </class>
        <class name="FriendsApi.NSwagClient.Proxies.FriendsApiClient/&lt;&gt;c" filename="app/tests/FriendsApi.NSwagClient/Proxies/FriendsApi.nswag.cs" line-rate="1" branch-rate="1" complexity="6">
          <methods>
            <method name="&lt;FriendsGetAsync&gt;b__10_0" signature="(System.Collections.Generic.KeyValuePair`2&lt;System.String,System.Collections.Generic.IEnumerable`1&lt;System.String&gt;&gt;)" line-rate="1" branch-rate="1" complexity="1">
              <lines>
                <line number="70" hits="7" branch="False" />
              </lines>
            </method>
            <method name="&lt;FriendsPostAsync&gt;b__11_0" signature="(System.Collections.Generic.KeyValuePair`2&lt;System.String,System.Collections.Generic.IEnumerable`1&lt;System.String&gt;&gt;)" line-rate="1" branch-rate="1" complexity="1">
              <lines>
                <line number="139" hits="9" branch="False" />
              </lines>
            </method>
            <method name="&lt;FriendsGetAsync&gt;b__12_0" signature="(System.Collections.Generic.KeyValuePair`2&lt;System.String,System.Collections.Generic.IEnumerable`1&lt;System.String&gt;&gt;)" line-rate="1" branch-rate="1" complexity="1">
              <lines>
                <line number="209" hits="21" branch="False" />
              </lines>
            </method>
            <method name="&lt;FriendsPutAsync&gt;b__13_0" signature="(System.Collections.Generic.KeyValuePair`2&lt;System.String,System.Collections.Generic.IEnumerable`1&lt;System.String&gt;&gt;)" line-rate="1" branch-rate="1" complexity="1">
              <lines>
                <line number="291" hits="5" branch="False" />
              </lines>
            </method>
            <method name="&lt;FriendsDeleteAsync&gt;b__14_0" signature="(System.Collections.Generic.KeyValuePair`2&lt;System.String,System.Collections.Generic.IEnumerable`1&lt;System.String&gt;&gt;)" line-rate="1" branch-rate="1" complexity="1">
              <lines>
                <line number="365" hits="5" branch="False" />
              </lines>
            </method>
            <method name="&lt;HealthcheckAsync&gt;b__15_0" signature="(System.Collections.Generic.KeyValuePair`2&lt;System.String,System.Collections.Generic.IEnumerable`1&lt;System.String&gt;&gt;)" line-rate="1" branch-rate="1" complexity="1">
              <lines>
                <line number="435" hits="5" branch="False" />
              </lines>
            </method>
          </methods>
          <lines>
            <line number="70" hits="7" branch="False" />
            <line number="139" hits="9" branch="False" />
            <line number="209" hits="21" branch="False" />
            <line number="291" hits="5" branch="False" />
            <line number="365" hits="5" branch="False" />
            <line number="435" hits="5" branch="False" />
          </lines>
        </class>
        <class name="FriendsApi.NSwagClient.Proxies.FriendsApiClient/&lt;FriendsGetAsync&gt;d__10" filename="app/tests/FriendsApi.NSwagClient/Proxies/FriendsApi.nswag.cs" line-rate="0.8518000000000001" branch-rate="0.7222" complexity="18">
          <methods>
            <method name="MoveNext" signature="()" line-rate="0.8518000000000001" branch-rate="0.7222" complexity="18">
              <lines>
                <line number="49" hits="1" branch="False" />
                <line number="50" hits="1" branch="False" />
                <line number="52" hits="1" branch="False" />
                <line number="53" hits="1" branch="False" />
                <line number="56" hits="1" branch="True" condition-coverage="100% (2/2)">
                  <conditions>
                    <condition number="82" type="jump" coverage="100%" />
                  </conditions>
                </line>
                <line number="58" hits="1" branch="False" />
                <line number="59" hits="1" branch="False" />
                <line number="62" hits="1" branch="False" />
                <line number="63" hits="1" branch="False" />
                <line number="66" hits="1" branch="False" />
                <line number="67" hits="1" branch="False" />
                <line number="71" hits="1" branch="True" condition-coverage="100% (4/4)">
                  <conditions>
                    <condition number="415" type="jump" coverage="100%" />
                    <condition number="433" type="jump" coverage="100%" />
                  </conditions>
                </line>
                <line number="73" hits="4" branch="True" condition-coverage="100% (2/2)">
                  <conditions>
                    <condition number="501" type="jump" coverage="100%" />
                  </conditions>
                </line>
                <line number="74" hits="1" branch="False" />
                <line number="79" hits="1" branch="False" />
                <line number="80" hits="1" branch="True" condition-coverage="50% (1/2)">
                  <conditions>
                    <condition number="549" type="jump" coverage="50%" />
                  </conditions>
                </line>
                <line number="82" hits="1" branch="False" />
                <line number="83" hits="1" branch="True" condition-coverage="50% (1/2)">
                  <conditions>
                    <condition number="679" type="jump" coverage="50%" />
                  </conditions>
                </line>
                <line number="85" hits="0" branch="False" />
                <line number="87" hits="1" branch="False" />
                <line number="91" hits="0" branch="True" condition-coverage="0% (0/2)">
                  <conditions>
                    <condition number="753" type="jump" coverage="0%" />
                  </conditions>
                </line>
                <line number="92" hits="0" branch="False" />
                <line number="97" hits="1" branch="True" condition-coverage="100% (2/2)">
                  <conditions>
                    <condition number="937" type="jump" coverage="100%" />
                  </conditions>
                </line>
                <line number="98" hits="1" branch="False" />
                <line number="104" hits="1" branch="True" condition-coverage="50% (1/2)">
                  <conditions>
                    <condition number="985" type="jump" coverage="50%" />
                  </conditions>
                </line>
                <line number="105" hits="0" branch="False" />
                <line number="107" hits="1" branch="False" />
              </lines>
            </method>
          </methods>
          <lines>
            <line number="49" hits="1" branch="False" />
            <line number="50" hits="1" branch="False" />
            <line number="52" hits="1" branch="False" />
            <line number="53" hits="1" branch="False" />
            <line number="56" hits="1" branch="True" condition-coverage="100% (2/2)">
              <conditions>
                <condition number="82" type="jump" coverage="100%" />
              </conditions>
            </line>
            <line number="58" hits="1" branch="False" />
            <line number="59" hits="1" branch="False" />
            <line number="62" hits="1" branch="False" />
            <line number="63" hits="1" branch="False" />
            <line number="66" hits="1" branch="False" />
            <line number="67" hits="1" branch="False" />
            <line number="71" hits="1" branch="True" condition-coverage="100% (4/4)">
              <conditions>
                <condition number="415" type="jump" coverage="100%" />
                <condition number="433" type="jump" coverage="100%" />
              </conditions>
            </line>
            <line number="73" hits="4" branch="True" condition-coverage="100% (2/2)">
              <conditions>
                <condition number="501" type="jump" coverage="100%" />
              </conditions>
            </line>
            <line number="74" hits="1" branch="False" />
            <line number="79" hits="1" branch="False" />
            <line number="80" hits="1" branch="True" condition-coverage="50% (1/2)">
              <conditions>
                <condition number="549" type="jump" coverage="50%" />
              </conditions>
            </line>
            <line number="82" hits="1" branch="False" />
            <line number="83" hits="1" branch="True" condition-coverage="50% (1/2)">
              <conditions>
                <condition number="679" type="jump" coverage="50%" />
              </conditions>
            </line>
            <line number="85" hits="0" branch="False" />
            <line number="87" hits="1" branch="False" />
            <line number="91" hits="0" branch="True" condition-coverage="0% (0/2)">
              <conditions>
                <condition number="753" type="jump" coverage="0%" />
              </conditions>
            </line>
            <line number="92" hits="0" branch="False" />
            <line number="97" hits="1" branch="True" condition-coverage="100% (2/2)">
              <conditions>
                <condition number="937" type="jump" coverage="100%" />
              </conditions>
            </line>
            <line number="98" hits="1" branch="False" />
            <line number="104" hits="1" branch="True" condition-coverage="50% (1/2)">
              <conditions>
                <condition number="985" type="jump" coverage="50%" />
              </conditions>
            </line>
            <line number="105" hits="0" branch="False" />
            <line number="107" hits="1" branch="False" />
          </lines>
        </class>
        <class name="FriendsApi.NSwagClient.Proxies.FriendsApiClient/&lt;FriendsPostAsync&gt;d__11" filename="app/tests/FriendsApi.NSwagClient/Proxies/FriendsApi.nswag.cs" line-rate="0.8665999999999999" branch-rate="0.7222" complexity="18">
          <methods>
            <method name="MoveNext" signature="()" line-rate="0.8665999999999999" branch-rate="0.7222" complexity="18">
              <lines>
                <line number="115" hits="1" branch="False" />
                <line number="116" hits="1" branch="False" />
                <line number="118" hits="1" branch="False" />
                <line number="119" hits="1" branch="False" />
                <line number="122" hits="1" branch="True" condition-coverage="100% (2/2)">
                  <conditions>
                    <condition number="82" type="jump" coverage="100%" />
                  </conditions>
                </line>
                <line number="124" hits="1" branch="False" />
                <line number="125" hits="1" branch="False" />
                <line number="126" hits="1" branch="False" />
                <line number="127" hits="1" branch="False" />
                <line number="128" hits="1" branch="False" />
                <line number="131" hits="1" branch="False" />
                <line number="132" hits="1" branch="False" />
                <line number="135" hits="1" branch="False" />
                <line number="136" hits="1" branch="False" />
                <line number="140" hits="1" branch="True" condition-coverage="100% (4/4)">
                  <conditions>
                    <condition number="479" type="jump" coverage="100%" />
                    <condition number="497" type="jump" coverage="100%" />
                  </conditions>
                </line>
                <line number="142" hits="4" branch="True" condition-coverage="100% (2/2)">
                  <conditions>
                    <condition number="565" type="jump" coverage="100%" />
                  </conditions>
                </line>
                <line number="143" hits="1" branch="False" />
                <line number="148" hits="1" branch="False" />
                <line number="149" hits="1" branch="True" condition-coverage="50% (1/2)">
                  <conditions>
                    <condition number="613" type="jump" coverage="50%" />
                  </conditions>
                </line>
                <line number="151" hits="1" branch="False" />
                <line number="152" hits="1" branch="True" condition-coverage="50% (1/2)">
                  <conditions>
                    <condition number="743" type="jump" coverage="50%" />
                  </conditions>
                </line>
                <line number="154" hits="0" branch="False" />
                <line number="156" hits="1" branch="False" />
                <line number="160" hits="0" branch="True" condition-coverage="0% (0/2)">
                  <conditions>
                    <condition number="817" type="jump" coverage="0%" />
                  </conditions>
                </line>
                <line number="161" hits="0" branch="False" />
                <line number="166" hits="1" branch="True" condition-coverage="100% (2/2)">
                  <conditions>
                    <condition number="1001" type="jump" coverage="100%" />
                  </conditions>
                </line>
                <line number="167" hits="1" branch="False" />
                <line number="173" hits="1" branch="True" condition-coverage="50% (1/2)">
                  <conditions>
                    <condition number="1049" type="jump" coverage="50%" />
                  </conditions>
                </line>
                <line number="174" hits="0" branch="False" />
                <line number="176" hits="1" branch="False" />
              </lines>
            </method>
          </methods>
          <lines>
            <line number="115" hits="1" branch="False" />
            <line number="116" hits="1" branch="False" />
            <line number="118" hits="1" branch="False" />
            <line number="119" hits="1" branch="False" />
            <line number="122" hits="1" branch="True" condition-coverage="100% (2/2)">
              <conditions>
                <condition number="82" type="jump" coverage="100%" />
              </conditions>
            </line>
            <line number="124" hits="1" branch="False" />
            <line number="125" hits="1" branch="False" />
            <line number="126" hits="1" branch="False" />
            <line number="127" hits="1" branch="False" />
            <line number="128" hits="1" branch="False" />
            <line number="131" hits="1" branch="False" />
            <line number="132" hits="1" branch="False" />
            <line number="135" hits="1" branch="False" />
            <line number="136" hits="1" branch="False" />
            <line number="140" hits="1" branch="True" condition-coverage="100% (4/4)">
              <conditions>
                <condition number="479" type="jump" coverage="100%" />
                <condition number="497" type="jump" coverage="100%" />
              </conditions>
            </line>
            <line number="142" hits="4" branch="True" condition-coverage="100% (2/2)">
              <conditions>
                <condition number="565" type="jump" coverage="100%" />
              </conditions>
            </line>
            <line number="143" hits="1" branch="False" />
            <line number="148" hits="1" branch="False" />
            <line number="149" hits="1" branch="True" condition-coverage="50% (1/2)">
              <conditions>
                <condition number="613" type="jump" coverage="50%" />
              </conditions>
            </line>
            <line number="151" hits="1" branch="False" />
            <line number="152" hits="1" branch="True" condition-coverage="50% (1/2)">
              <conditions>
                <condition number="743" type="jump" coverage="50%" />
              </conditions>
            </line>
            <line number="154" hits="0" branch="False" />
            <line number="156" hits="1" branch="False" />
            <line number="160" hits="0" branch="True" condition-coverage="0% (0/2)">
              <conditions>
                <condition number="817" type="jump" coverage="0%" />
              </conditions>
            </line>
            <line number="161" hits="0" branch="False" />
            <line number="166" hits="1" branch="True" condition-coverage="100% (2/2)">
              <conditions>
                <condition number="1001" type="jump" coverage="100%" />
              </conditions>
            </line>
            <line number="167" hits="1" branch="False" />
            <line number="173" hits="1" branch="True" condition-coverage="50% (1/2)">
              <conditions>
                <condition number="1049" type="jump" coverage="50%" />
              </conditions>
            </line>
            <line number="174" hits="0" branch="False" />
            <line number="176" hits="1" branch="False" />
          </lines>
        </class>
        <class name="FriendsApi.NSwagClient.Proxies.FriendsApiClient/&lt;FriendsGetAsync&gt;d__12" filename="app/tests/FriendsApi.NSwagClient/Proxies/FriendsApi.nswag.cs" line-rate="0.8484" branch-rate="0.6537999999999999" complexity="26">
          <methods>
            <method name="MoveNext" signature="()" line-rate="0.8484" branch-rate="0.6537999999999999" complexity="26">
              <lines>
                <line number="187" hits="3" branch="False" />
                <line number="188" hits="3" branch="False" />
                <line number="189" hits="3" branch="False" />
                <line number="191" hits="3" branch="False" />
                <line number="192" hits="3" branch="False" />
                <line number="195" hits="3" branch="True" condition-coverage="100% (2/2)">
                  <conditions>
                    <condition number="121" type="jump" coverage="100%" />
                  </conditions>
                </line>
                <line number="197" hits="3" branch="False" />
                <line number="198" hits="3" branch="False" />
                <line number="201" hits="3" branch="False" />
                <line number="202" hits="3" branch="False" />
                <line number="205" hits="3" branch="False" />
                <line number="206" hits="3" branch="True" condition-coverage="25% (1/4)">
                  <conditions>
                    <condition number="348" type="switch" coverage="25%" />
                  </conditions>
                </line>
                <line number="210" hits="3" branch="True" condition-coverage="100% (4/4)">
                  <conditions>
                    <condition number="460" type="jump" coverage="100%" />
                    <condition number="478" type="jump" coverage="100%" />
                  </conditions>
                </line>
                <line number="212" hits="12" branch="True" condition-coverage="100% (2/2)">
                  <conditions>
                    <condition number="546" type="jump" coverage="100%" />
                  </conditions>
                </line>
                <line number="213" hits="3" branch="False" />
                <line number="218" hits="3" branch="False" />
                <line number="219" hits="3" branch="True" condition-coverage="100% (2/2)">
                  <conditions>
                    <condition number="594" type="jump" coverage="100%" />
                  </conditions>
                </line>
                <line number="221" hits="2" branch="False" />
                <line number="222" hits="2" branch="True" condition-coverage="50% (1/2)">
                  <conditions>
                    <condition number="724" type="jump" coverage="50%" />
                  </conditions>
                </line>
                <line number="224" hits="0" branch="False" />
                <line number="226" hits="2" branch="False" />
                <line number="229" hits="1" branch="True" condition-coverage="50% (1/2)">
                  <conditions>
                    <condition number="798" type="jump" coverage="50%" />
                  </conditions>
                </line>
                <line number="231" hits="1" branch="False" />
                <line number="232" hits="1" branch="True" condition-coverage="50% (1/2)">
                  <conditions>
                    <condition number="928" type="jump" coverage="50%" />
                  </conditions>
                </line>
                <line number="234" hits="0" branch="False" />
                <line number="236" hits="1" branch="False" />
                <line number="240" hits="0" branch="True" condition-coverage="0% (0/2)">
                  <conditions>
                    <condition number="1010" type="jump" coverage="0%" />
                  </conditions>
                </line>
                <line number="241" hits="0" branch="False" />
                <line number="246" hits="3" branch="True" condition-coverage="100% (2/2)">
                  <conditions>
                    <condition number="1194" type="jump" coverage="100%" />
                  </conditions>
                </line>
                <line number="247" hits="3" branch="False" />
                <line number="253" hits="3" branch="True" condition-coverage="50% (1/2)">
                  <conditions>
                    <condition number="1242" type="jump" coverage="50%" />
                  </conditions>
                </line>
                <line number="254" hits="0" branch="False" />
                <line number="256" hits="2" branch="False" />
              </lines>
            </method>
          </methods>
          <lines>
            <line number="187" hits="3" branch="False" />
            <line number="188" hits="3" branch="False" />
            <line number="189" hits="3" branch="False" />
            <line number="191" hits="3" branch="False" />
            <line number="192" hits="3" branch="False" />
            <line number="195" hits="3" branch="True" condition-coverage="100% (2/2)">
              <conditions>
                <condition number="121" type="jump" coverage="100%" />
              </conditions>
            </line>
            <line number="197" hits="3" branch="False" />
            <line number="198" hits="3" branch="False" />
            <line number="201" hits="3" branch="False" />
            <line number="202" hits="3" branch="False" />
            <line number="205" hits="3" branch="False" />
            <line number="206" hits="3" branch="True" condition-coverage="25% (1/4)">
              <conditions>
                <condition number="348" type="switch" coverage="25%" />
              </conditions>
            </line>
            <line number="210" hits="3" branch="True" condition-coverage="100% (4/4)">
              <conditions>
                <condition number="460" type="jump" coverage="100%" />
                <condition number="478" type="jump" coverage="100%" />
              </conditions>
            </line>
            <line number="212" hits="12" branch="True" condition-coverage="100% (2/2)">
              <conditions>
                <condition number="546" type="jump" coverage="100%" />
              </conditions>
            </line>
            <line number="213" hits="3" branch="False" />
            <line number="218" hits="3" branch="False" />
            <line number="219" hits="3" branch="True" condition-coverage="100% (2/2)">
              <conditions>
                <condition number="594" type="jump" coverage="100%" />
              </conditions>
            </line>
            <line number="221" hits="2" branch="False" />
            <line number="222" hits="2" branch="True" condition-coverage="50% (1/2)">
              <conditions>
                <condition number="724" type="jump" coverage="50%" />
              </conditions>
            </line>
            <line number="224" hits="0" branch="False" />
            <line number="226" hits="2" branch="False" />
            <line number="229" hits="1" branch="True" condition-coverage="50% (1/2)">
              <conditions>
                <condition number="798" type="jump" coverage="50%" />
              </conditions>
            </line>
            <line number="231" hits="1" branch="False" />
            <line number="232" hits="1" branch="True" condition-coverage="50% (1/2)">
              <conditions>
                <condition number="928" type="jump" coverage="50%" />
              </conditions>
            </line>
            <line number="234" hits="0" branch="False" />
            <line number="236" hits="1" branch="False" />
            <line number="240" hits="0" branch="True" condition-coverage="0% (0/2)">
              <conditions>
                <condition number="1010" type="jump" coverage="0%" />
              </conditions>
            </line>
            <line number="241" hits="0" branch="False" />
            <line number="246" hits="3" branch="True" condition-coverage="100% (2/2)">
              <conditions>
                <condition number="1194" type="jump" coverage="100%" />
              </conditions>
            </line>
            <line number="247" hits="3" branch="False" />
            <line number="253" hits="3" branch="True" condition-coverage="50% (1/2)">
              <conditions>
                <condition number="1242" type="jump" coverage="50%" />
              </conditions>
            </line>
            <line number="254" hits="0" branch="False" />
            <line number="256" hits="2" branch="False" />
          </lines>
        </class>
        <class name="FriendsApi.NSwagClient.Proxies.FriendsApiClient/&lt;FriendsPutAsync&gt;d__13" filename="app/tests/FriendsApi.NSwagClient/Proxies/FriendsApi.nswag.cs" line-rate="0.6875" branch-rate="0.55" complexity="20">
          <methods>
            <method name="MoveNext" signature="()" line-rate="0.6875" branch-rate="0.55" complexity="20">
              <lines>
                <line number="267" hits="1" branch="False" />
                <line number="268" hits="1" branch="False" />
                <line number="269" hits="1" branch="False" />
                <line number="271" hits="1" branch="False" />
                <line number="272" hits="1" branch="False" />
                <line number="275" hits="1" branch="True" condition-coverage="100% (2/2)">
                  <conditions>
                    <condition number="121" type="jump" coverage="100%" />
                  </conditions>
                </line>
                <line number="277" hits="1" branch="False" />
                <line number="278" hits="1" branch="False" />
                <line number="279" hits="1" branch="False" />
                <line number="280" hits="1" branch="False" />
                <line number="283" hits="1" branch="False" />
                <line number="284" hits="1" branch="False" />
                <line number="287" hits="1" branch="False" />
                <line number="288" hits="1" branch="False" />
                <line number="292" hits="1" branch="True" condition-coverage="100% (4/4)">
                  <conditions>
                    <condition number="487" type="jump" coverage="100%" />
                    <condition number="505" type="jump" coverage="100%" />
                  </conditions>
                </line>
                <line number="294" hits="0" branch="True" condition-coverage="50% (1/2)">
                  <conditions>
                    <condition number="573" type="jump" coverage="50%" />
                  </conditions>
                </line>
                <line number="295" hits="0" branch="False" />
                <line number="300" hits="1" branch="False" />
                <line number="301" hits="1" branch="True" condition-coverage="50% (1/2)">
                  <conditions>
                    <condition number="621" type="jump" coverage="50%" />
                  </conditions>
                </line>
                <line number="303" hits="1" branch="False" />
                <line number="306" hits="0" branch="True" condition-coverage="0% (0/2)">
                  <conditions>
                    <condition number="657" type="jump" coverage="0%" />
                  </conditions>
                </line>
                <line number="308" hits="0" branch="False" />
                <line number="309" hits="0" branch="True" condition-coverage="0% (0/2)">
                  <conditions>
                    <condition number="787" type="jump" coverage="0%" />
                  </conditions>
                </line>
                <line number="311" hits="0" branch="False" />
                <line number="313" hits="0" branch="False" />
                <line number="317" hits="0" branch="True" condition-coverage="0% (0/2)">
                  <conditions>
                    <condition number="869" type="jump" coverage="0%" />
                  </conditions>
                </line>
                <line number="318" hits="0" branch="False" />
                <line number="323" hits="1" branch="True" condition-coverage="100% (2/2)">
                  <conditions>
                    <condition number="1053" type="jump" coverage="100%" />
                  </conditions>
                </line>
                <line number="324" hits="1" branch="False" />
                <line number="330" hits="1" branch="True" condition-coverage="50% (1/2)">
                  <conditions>
                    <condition number="1101" type="jump" coverage="50%" />
                  </conditions>
                </line>
                <line number="331" hits="0" branch="False" />
                <line number="333" hits="1" branch="False" />
              </lines>
            </method>
          </methods>
          <lines>
            <line number="267" hits="1" branch="False" />
            <line number="268" hits="1" branch="False" />
            <line number="269" hits="1" branch="False" />
            <line number="271" hits="1" branch="False" />
            <line number="272" hits="1" branch="False" />
            <line number="275" hits="1" branch="True" condition-coverage="100% (2/2)">
              <conditions>
                <condition number="121" type="jump" coverage="100%" />
              </conditions>
            </line>
            <line number="277" hits="1" branch="False" />
            <line number="278" hits="1" branch="False" />
            <line number="279" hits="1" branch="False" />
            <line number="280" hits="1" branch="False" />
            <line number="283" hits="1" branch="False" />
            <line number="284" hits="1" branch="False" />
            <line number="287" hits="1" branch="False" />
            <line number="288" hits="1" branch="False" />
            <line number="292" hits="1" branch="True" condition-coverage="100% (4/4)">
              <conditions>
                <condition number="487" type="jump" coverage="100%" />
                <condition number="505" type="jump" coverage="100%" />
              </conditions>
            </line>
            <line number="294" hits="0" branch="True" condition-coverage="50% (1/2)">
              <conditions>
                <condition number="573" type="jump" coverage="50%" />
              </conditions>
            </line>
            <line number="295" hits="0" branch="False" />
            <line number="300" hits="1" branch="False" />
            <line number="301" hits="1" branch="True" condition-coverage="50% (1/2)">
              <conditions>
                <condition number="621" type="jump" coverage="50%" />
              </conditions>
            </line>
            <line number="303" hits="1" branch="False" />
            <line number="306" hits="0" branch="True" condition-coverage="0% (0/2)">
              <conditions>
                <condition number="657" type="jump" coverage="0%" />
              </conditions>
            </line>
            <line number="308" hits="0" branch="False" />
            <line number="309" hits="0" branch="True" condition-coverage="0% (0/2)">
              <conditions>
                <condition number="787" type="jump" coverage="0%" />
              </conditions>
            </line>
            <line number="311" hits="0" branch="False" />
            <line number="313" hits="0" branch="False" />
            <line number="317" hits="0" branch="True" condition-coverage="0% (0/2)">
              <conditions>
                <condition number="869" type="jump" coverage="0%" />
              </conditions>
            </line>
            <line number="318" hits="0" branch="False" />
            <line number="323" hits="1" branch="True" condition-coverage="100% (2/2)">
              <conditions>
                <condition number="1053" type="jump" coverage="100%" />
              </conditions>
            </line>
            <line number="324" hits="1" branch="False" />
            <line number="330" hits="1" branch="True" condition-coverage="50% (1/2)">
              <conditions>
                <condition number="1101" type="jump" coverage="50%" />
              </conditions>
            </line>
            <line number="331" hits="0" branch="False" />
            <line number="333" hits="1" branch="False" />
          </lines>
        </class>
        <class name="FriendsApi.NSwagClient.Proxies.FriendsApiClient/&lt;FriendsDeleteAsync&gt;d__14" filename="app/tests/FriendsApi.NSwagClient/Proxies/FriendsApi.nswag.cs" line-rate="0.6551" branch-rate="0.55" complexity="20">
          <methods>
            <method name="MoveNext" signature="()" line-rate="0.6551" branch-rate="0.55" complexity="20">
              <lines>
                <line number="344" hits="1" branch="False" />
                <line number="345" hits="1" branch="False" />
                <line number="346" hits="1" branch="False" />
                <line number="348" hits="1" branch="False" />
                <line number="349" hits="1" branch="False" />
                <line number="352" hits="1" branch="True" condition-coverage="100% (2/2)">
                  <conditions>
                    <condition number="121" type="jump" coverage="100%" />
                  </conditions>
                </line>
                <line number="354" hits="1" branch="False" />
                <line number="357" hits="1" branch="False" />
                <line number="358" hits="1" branch="False" />
                <line number="361" hits="1" branch="False" />
                <line number="362" hits="1" branch="False" />
                <line number="366" hits="1" branch="True" condition-coverage="100% (4/4)">
                  <conditions>
                    <condition number="423" type="jump" coverage="100%" />
                    <condition number="441" type="jump" coverage="100%" />
                  </conditions>
                </line>
                <line number="368" hits="0" branch="True" condition-coverage="50% (1/2)">
                  <conditions>
                    <condition number="509" type="jump" coverage="50%" />
                  </conditions>
                </line>
                <line number="369" hits="0" branch="False" />
                <line number="374" hits="1" branch="False" />
                <line number="375" hits="1" branch="True" condition-coverage="50% (1/2)">
                  <conditions>
                    <condition number="557" type="jump" coverage="50%" />
                  </conditions>
                </line>
                <line number="377" hits="1" branch="False" />
                <line number="380" hits="0" branch="True" condition-coverage="0% (0/2)">
                  <conditions>
                    <condition number="593" type="jump" coverage="0%" />
                  </conditions>
                </line>
                <line number="382" hits="0" branch="False" />
                <line number="383" hits="0" branch="True" condition-coverage="0% (0/2)">
                  <conditions>
                    <condition number="723" type="jump" coverage="0%" />
                  </conditions>
                </line>
                <line number="385" hits="0" branch="False" />
                <line number="387" hits="0" branch="False" />
                <line number="391" hits="0" branch="True" condition-coverage="0% (0/2)">
                  <conditions>
                    <condition number="805" type="jump" coverage="0%" />
                  </conditions>
                </line>
                <line number="392" hits="0" branch="False" />
                <line number="397" hits="1" branch="True" condition-coverage="100% (2/2)">
                  <conditions>
                    <condition number="989" type="jump" coverage="100%" />
                  </conditions>
                </line>
                <line number="398" hits="1" branch="False" />
                <line number="404" hits="1" branch="True" condition-coverage="50% (1/2)">
                  <conditions>
                    <condition number="1037" type="jump" coverage="50%" />
                  </conditions>
                </line>
                <line number="405" hits="0" branch="False" />
                <line number="407" hits="1" branch="False" />
              </lines>
            </method>
          </methods>
          <lines>
            <line number="344" hits="1" branch="False" />
            <line number="345" hits="1" branch="False" />
            <line number="346" hits="1" branch="False" />
            <line number="348" hits="1" branch="False" />
            <line number="349" hits="1" branch="False" />
            <line number="352" hits="1" branch="True" condition-coverage="100% (2/2)">
              <conditions>
                <condition number="121" type="jump" coverage="100%" />
              </conditions>
            </line>
            <line number="354" hits="1" branch="False" />
            <line number="357" hits="1" branch="False" />
            <line number="358" hits="1" branch="False" />
            <line number="361" hits="1" branch="False" />
            <line number="362" hits="1" branch="False" />
            <line number="366" hits="1" branch="True" condition-coverage="100% (4/4)">
              <conditions>
                <condition number="423" type="jump" coverage="100%" />
                <condition number="441" type="jump" coverage="100%" />
              </conditions>
            </line>
            <line number="368" hits="0" branch="True" condition-coverage="50% (1/2)">
              <conditions>
                <condition number="509" type="jump" coverage="50%" />
              </conditions>
            </line>
            <line number="369" hits="0" branch="False" />
            <line number="374" hits="1" branch="False" />
            <line number="375" hits="1" branch="True" condition-coverage="50% (1/2)">
              <conditions>
                <condition number="557" type="jump" coverage="50%" />
              </conditions>
            </line>
            <line number="377" hits="1" branch="False" />
            <line number="380" hits="0" branch="True" condition-coverage="0% (0/2)">
              <conditions>
                <condition number="593" type="jump" coverage="0%" />
              </conditions>
            </line>
            <line number="382" hits="0" branch="False" />
            <line number="383" hits="0" branch="True" condition-coverage="0% (0/2)">
              <conditions>
                <condition number="723" type="jump" coverage="0%" />
              </conditions>
            </line>
            <line number="385" hits="0" branch="False" />
            <line number="387" hits="0" branch="False" />
            <line number="391" hits="0" branch="True" condition-coverage="0% (0/2)">
              <conditions>
                <condition number="805" type="jump" coverage="0%" />
              </conditions>
            </line>
            <line number="392" hits="0" branch="False" />
            <line number="397" hits="1" branch="True" condition-coverage="100% (2/2)">
              <conditions>
                <condition number="989" type="jump" coverage="100%" />
              </conditions>
            </line>
            <line number="398" hits="1" branch="False" />
            <line number="404" hits="1" branch="True" condition-coverage="50% (1/2)">
              <conditions>
                <condition number="1037" type="jump" coverage="50%" />
              </conditions>
            </line>
            <line number="405" hits="0" branch="False" />
            <line number="407" hits="1" branch="False" />
          </lines>
        </class>
        <class name="FriendsApi.NSwagClient.Proxies.FriendsApiClient/&lt;HealthcheckAsync&gt;d__15" filename="app/tests/FriendsApi.NSwagClient/Proxies/FriendsApi.nswag.cs" line-rate="0.8695" branch-rate="0.7142000000000001" complexity="14">
          <methods>
            <method name="MoveNext" signature="()" line-rate="0.8695" branch-rate="0.7142000000000001" complexity="14">
              <lines>
                <line number="415" hits="1" branch="False" />
                <line number="416" hits="1" branch="False" />
                <line number="418" hits="1" branch="False" />
                <line number="419" hits="1" branch="False" />
                <line number="422" hits="1" branch="False" />
                <line number="424" hits="1" branch="False" />
                <line number="427" hits="1" branch="False" />
                <line number="428" hits="1" branch="False" />
                <line number="431" hits="1" branch="False" />
                <line number="432" hits="1" branch="False" />
                <line number="436" hits="1" branch="True" condition-coverage="100% (4/4)">
                  <conditions>
                    <condition number="375" type="jump" coverage="100%" />
                    <condition number="393" type="jump" coverage="100%" />
                  </conditions>
                </line>
                <line number="438" hits="4" branch="True" condition-coverage="100% (2/2)">
                  <conditions>
                    <condition number="461" type="jump" coverage="100%" />
                  </conditions>
                </line>
                <line number="439" hits="1" branch="False" />
                <line number="444" hits="1" branch="False" />
                <line number="445" hits="1" branch="True" condition-coverage="50% (1/2)">
                  <conditions>
                    <condition number="509" type="jump" coverage="50%" />
                  </conditions>
                </line>
                <line number="447" hits="1" branch="False" />
                <line number="451" hits="0" branch="True" condition-coverage="0% (0/2)">
                  <conditions>
                    <condition number="545" type="jump" coverage="0%" />
                  </conditions>
                </line>
                <line number="452" hits="0" branch="False" />
                <line number="457" hits="1" branch="True" condition-coverage="100% (2/2)">
                  <conditions>
                    <condition number="729" type="jump" coverage="100%" />
                  </conditions>
                </line>
                <line number="458" hits="1" branch="False" />
                <line number="464" hits="1" branch="True" condition-coverage="50% (1/2)">
                  <conditions>
                    <condition number="777" type="jump" coverage="50%" />
                  </conditions>
                </line>
                <line number="465" hits="0" branch="False" />
                <line number="467" hits="1" branch="False" />
              </lines>
            </method>
          </methods>
          <lines>
            <line number="415" hits="1" branch="False" />
            <line number="416" hits="1" branch="False" />
            <line number="418" hits="1" branch="False" />
            <line number="419" hits="1" branch="False" />
            <line number="422" hits="1" branch="False" />
            <line number="424" hits="1" branch="False" />
            <line number="427" hits="1" branch="False" />
            <line number="428" hits="1" branch="False" />
            <line number="431" hits="1" branch="False" />
            <line number="432" hits="1" branch="False" />
            <line number="436" hits="1" branch="True" condition-coverage="100% (4/4)">
              <conditions>
                <condition number="375" type="jump" coverage="100%" />
                <condition number="393" type="jump" coverage="100%" />
              </conditions>
            </line>
            <line number="438" hits="4" branch="True" condition-coverage="100% (2/2)">
              <conditions>
                <condition number="461" type="jump" coverage="100%" />
              </conditions>
            </line>
            <line number="439" hits="1" branch="False" />
            <line number="444" hits="1" branch="False" />
            <line number="445" hits="1" branch="True" condition-coverage="50% (1/2)">
              <conditions>
                <condition number="509" type="jump" coverage="50%" />
              </conditions>
            </line>
            <line number="447" hits="1" branch="False" />
            <line number="451" hits="0" branch="True" condition-coverage="0% (0/2)">
              <conditions>
                <condition number="545" type="jump" coverage="0%" />
              </conditions>
            </line>
            <line number="452" hits="0" branch="False" />
            <line number="457" hits="1" branch="True" condition-coverage="100% (2/2)">
              <conditions>
                <condition number="729" type="jump" coverage="100%" />
              </conditions>
            </line>
            <line number="458" hits="1" branch="False" />
            <line number="464" hits="1" branch="True" condition-coverage="50% (1/2)">
              <conditions>
                <condition number="777" type="jump" coverage="50%" />
              </conditions>
            </line>
            <line number="465" hits="0" branch="False" />
            <line number="467" hits="1" branch="False" />
          </lines>
        </class>
        <class name="FriendsApi.NSwagClient.Proxies.FriendsApiClient/&lt;ReadObjectResponseAsync&gt;d__21`1" filename="app/tests/FriendsApi.NSwagClient/Proxies/FriendsApi.nswag.cs" line-rate="0.4736" branch-rate="0.5" complexity="6">
          <methods>
            <method name="MoveNext" signature="()" line-rate="0.4736" branch-rate="0.5" complexity="6">
              <lines>
                <line number="486" hits="5" branch="True" condition-coverage="50% (2/4)">
                  <conditions>
                    <condition number="33" type="jump" coverage="50%" />
                    <condition number="46" type="jump" coverage="50%" />
                  </conditions>
                </line>
                <line number="488" hits="0" branch="False" />
                <line number="491" hits="5" branch="True" condition-coverage="50% (1/2)">
                  <conditions>
                    <condition number="79" type="jump" coverage="50%" />
                  </conditions>
                </line>
                <line number="493" hits="0" branch="False" />
                <line number="496" hits="0" branch="False" />
                <line number="497" hits="0" branch="False" />
                <line number="499" hits="0" branch="False" />
                <line number="501" hits="0" branch="False" />
                <line number="502" hits="0" branch="False" />
                <line number="509" hits="5" branch="False" />
                <line number="510" hits="5" branch="False" />
                <line number="511" hits="5" branch="False" />
                <line number="513" hits="5" branch="False" />
                <line number="514" hits="5" branch="False" />
                <line number="515" hits="5" branch="False" />
                <line number="518" hits="0" branch="False" />
                <line number="520" hits="0" branch="False" />
                <line number="521" hits="0" branch="False" />
                <line number="524" hits="5" branch="False" />
              </lines>
            </method>
          </methods>
          <lines>
            <line number="486" hits="5" branch="True" condition-coverage="50% (2/4)">
              <conditions>
                <condition number="33" type="jump" coverage="50%" />
                <condition number="46" type="jump" coverage="50%" />
              </conditions>
            </line>
            <line number="488" hits="0" branch="False" />
            <line number="491" hits="5" branch="True" condition-coverage="50% (1/2)">
              <conditions>
                <condition number="79" type="jump" coverage="50%" />
              </conditions>
            </line>
            <line number="493" hits="0" branch="False" />
            <line number="496" hits="0" branch="False" />
            <line number="497" hits="0" branch="False" />
            <line number="499" hits="0" branch="False" />
            <line number="501" hits="0" branch="False" />
            <line number="502" hits="0" branch="False" />
            <line number="509" hits="5" branch="False" />
            <line number="510" hits="5" branch="False" />
            <line number="511" hits="5" branch="False" />
            <line number="513" hits="5" branch="False" />
            <line number="514" hits="5" branch="False" />
            <line number="515" hits="5" branch="False" />
            <line number="518" hits="0" branch="False" />
            <line number="520" hits="0" branch="False" />
            <line number="521" hits="0" branch="False" />
            <line number="524" hits="5" branch="False" />
          </lines>
        </class>
        <class name="FriendsApi.NSwagClient.Proxies.Friend" filename="app/tests/FriendsApi.NSwagClient/Proxies/FriendsApi.nswag.cs" line-rate="1" branch-rate="1" complexity="2">
          <methods>
            <method name="get_Id" signature="()" line-rate="1" branch-rate="1" complexity="1">
              <lines>
                <line number="575" hits="13" branch="False" />
              </lines>
            </method>
            <method name="get_Name" signature="()" line-rate="1" branch-rate="1" complexity="1">
              <lines>
                <line number="578" hits="16" branch="False" />
              </lines>
            </method>
          </methods>
          <lines>
            <line number="575" hits="13" branch="False" />
            <line number="578" hits="16" branch="False" />
          </lines>
        </class>
        <class name="FriendsApi.NSwagClient.Proxies.ProblemDetails" filename="app/tests/FriendsApi.NSwagClient/Proxies/FriendsApi.nswag.cs" line-rate="0.25" branch-rate="1" complexity="8">
          <methods>
            <method name="get_Type" signature="()" line-rate="0" branch-rate="1" complexity="1">
              <lines>
                <line number="587" hits="0" branch="False" />
              </lines>
            </method>
            <method name="get_Title" signature="()" line-rate="0" branch-rate="1" complexity="1">
              <lines>
                <line number="590" hits="0" branch="False" />
              </lines>
            </method>
            <method name="get_Status" signature="()" line-rate="0" branch-rate="1" complexity="1">
              <lines>
                <line number="593" hits="0" branch="False" />
              </lines>
            </method>
            <method name="get_Detail" signature="()" line-rate="0" branch-rate="1" complexity="1">
              <lines>
                <line number="596" hits="0" branch="False" />
              </lines>
            </method>
            <method name="get_Instance" signature="()" line-rate="0" branch-rate="1" complexity="1">
              <lines>
                <line number="599" hits="0" branch="False" />
              </lines>
            </method>
            <method name="get_AdditionalProperties" signature="()" line-rate="1" branch-rate="1" complexity="1">
              <lines>
                <line number="606" hits="1" branch="False" />
              </lines>
            </method>
            <method name="set_AdditionalProperties" signature="(System.Collections.Generic.IDictionary`2&lt;System.String,System.Object&gt;)" line-rate="0" branch-rate="1" complexity="1">
              <lines>
                <line number="607" hits="0" branch="False" />
              </lines>
            </method>
            <method name=".ctor" signature="()" line-rate="1" branch-rate="1" complexity="1">
              <lines>
                <line number="601" hits="1" branch="False" />
              </lines>
            </method>
          </methods>
          <lines>
            <line number="587" hits="0" branch="False" />
            <line number="590" hits="0" branch="False" />
            <line number="593" hits="0" branch="False" />
            <line number="596" hits="0" branch="False" />
            <line number="599" hits="0" branch="False" />
            <line number="606" hits="1" branch="False" />
            <line number="607" hits="0" branch="False" />
            <line number="601" hits="1" branch="False" />
          </lines>
        </class>
        <class name="FriendsApi.NSwagClient.Proxies.SwaggerResponse" filename="app/tests/FriendsApi.NSwagClient/Proxies/FriendsApi.nswag.cs" line-rate="0.8332999999999999" branch-rate="1" complexity="3">
          <methods>
            <method name="get_StatusCode" signature="()" line-rate="1" branch-rate="1" complexity="1">
              <lines>
                <line number="616" hits="14" branch="False" />
              </lines>
            </method>
            <method name="get_Headers" signature="()" line-rate="0" branch-rate="1" complexity="1">
              <lines>
                <line number="618" hits="0" branch="False" />
              </lines>
            </method>
            <method name=".ctor" signature="(System.Int32,System.Collections.Generic.IReadOnlyDictionary`2&lt;System.String,System.Collections.Generic.IEnumerable`1&lt;System.String&gt;&gt;)" line-rate="1" branch-rate="1" complexity="1">
              <lines>
                <line number="620" hits="7" branch="False" />
                <line number="622" hits="7" branch="False" />
                <line number="623" hits="7" branch="False" />
                <line number="624" hits="7" branch="False" />
              </lines>
            </method>
          </methods>
          <lines>
            <line number="616" hits="14" branch="False" />
            <line number="618" hits="0" branch="False" />
            <line number="620" hits="7" branch="False" />
            <line number="622" hits="7" branch="False" />
            <line number="623" hits="7" branch="False" />
            <line number="624" hits="7" branch="False" />
          </lines>
        </class>
        <class name="FriendsApi.NSwagClient.Proxies.SwaggerResponse`1" filename="app/tests/FriendsApi.NSwagClient/Proxies/FriendsApi.nswag.cs" line-rate="1" branch-rate="1" complexity="2">
          <methods>
            <method name="get_Result" signature="()" line-rate="1" branch-rate="1" complexity="1">
              <lines>
                <line number="630" hits="14" branch="False" />
              </lines>
            </method>
            <method name=".ctor" signature="(System.Int32,System.Collections.Generic.IReadOnlyDictionary`2&lt;System.String,System.Collections.Generic.IEnumerable`1&lt;System.String&gt;&gt;,TResult)" line-rate="1" branch-rate="1" complexity="1">
              <lines>
                <line number="633" hits="4" branch="False" />
                <line number="635" hits="4" branch="False" />
                <line number="636" hits="4" branch="False" />
              </lines>
            </method>
          </methods>
          <lines>
            <line number="630" hits="14" branch="False" />
            <line number="633" hits="4" branch="False" />
            <line number="635" hits="4" branch="False" />
            <line number="636" hits="4" branch="False" />
          </lines>
        </class>
        <class name="FriendsApi.NSwagClient.Proxies.SwaggerException" filename="app/tests/FriendsApi.NSwagClient/Proxies/FriendsApi.nswag.cs" line-rate="0.6666" branch-rate="0.5" complexity="8">
          <methods>
            <method name="get_StatusCode" signature="()" line-rate="1" branch-rate="1" complexity="1">
              <lines>
                <line number="642" hits="2" branch="False" />
              </lines>
            </method>
            <method name="get_Response" signature="()" line-rate="0" branch-rate="1" complexity="1">
              <lines>
                <line number="644" hits="0" branch="False" />
              </lines>
            </method>
            <method name="get_Headers" signature="()" line-rate="0" branch-rate="1" complexity="1">
              <lines>
                <line number="646" hits="0" branch="False" />
              </lines>
            </method>
            <method name="ToString" signature="()" line-rate="0" branch-rate="1" complexity="1">
              <lines>
                <line number="658" hits="0" branch="False" />
              </lines>
            </method>
            <method name=".ctor" signature="(System.String,System.Int32,System.String,System.Collections.Generic.IReadOnlyDictionary`2&lt;System.String,System.Collections.Generic.IEnumerable`1&lt;System.String&gt;&gt;,System.Exception)" line-rate="1" branch-rate="0.5" complexity="4">
              <lines>
                <line number="649" hits="1" branch="True" condition-coverage="50% (2/4)">
                  <conditions>
                    <condition number="40" type="jump" coverage="50%" />
                    <condition number="55" type="jump" coverage="50%" />
                  </conditions>
                </line>
                <line number="651" hits="1" branch="False" />
                <line number="652" hits="1" branch="False" />
                <line number="653" hits="1" branch="False" />
                <line number="654" hits="1" branch="False" />
              </lines>
            </method>
          </methods>
          <lines>
            <line number="642" hits="2" branch="False" />
            <line number="644" hits="0" branch="False" />
            <line number="646" hits="0" branch="False" />
            <line number="658" hits="0" branch="False" />
            <line number="649" hits="1" branch="True" condition-coverage="50% (2/4)">
              <conditions>
                <condition number="40" type="jump" coverage="50%" />
                <condition number="55" type="jump" coverage="50%" />
              </conditions>
            </line>
            <line number="651" hits="1" branch="False" />
            <line number="652" hits="1" branch="False" />
            <line number="653" hits="1" branch="False" />
            <line number="654" hits="1" branch="False" />
          </lines>
        </class>
        <class name="FriendsApi.NSwagClient.Proxies.SwaggerException`1" filename="app/tests/FriendsApi.NSwagClient/Proxies/FriendsApi.nswag.cs" line-rate="0.75" branch-rate="1" complexity="2">
          <methods>
            <method name="get_Result" signature="()" line-rate="0" branch-rate="1" complexity="1">
              <lines>
                <line number="665" hits="0" branch="False" />
              </lines>
            </method>
            <method name=".ctor" signature="(System.String,System.Int32,System.String,System.Collections.Generic.IReadOnlyDictionary`2&lt;System.String,System.Collections.Generic.IEnumerable`1&lt;System.String&gt;&gt;,TResult,System.Exception)" line-rate="1" branch-rate="1" complexity="1">
              <lines>
                <line number="668" hits="1" branch="False" />
                <line number="670" hits="1" branch="False" />
                <line number="671" hits="1" branch="False" />
              </lines>
            </method>
          </methods>
          <lines>
            <line number="665" hits="0" branch="False" />
            <line number="668" hits="1" branch="False" />
            <line number="670" hits="1" branch="False" />
            <line number="671" hits="1" branch="False" />
          </lines>
        </class>
      </classes>
    </package>
  </packages>
</coverage>